<?xml version="1.0" encoding="UTF-8"?>
<testsuites name="jest tests" tests="137" failures="82" errors="0" time="2.405">
  <testsuite name="Product Routes - Integration Tests" errors="0" failures="31" skipped="0" timestamp="2025-12-31T02:28:45" time="1.257" tests="31">
    <testcase classname="Product Routes - Integration Tests GET /api/products devrait retourner la liste des produits (200)" name="Product Routes - Integration Tests GET /api/products devrait retourner la liste des produits (200)" time="0.001">
      <failure>TypeError: app.use() requires a middleware function
    at Function.use (C:\Users\nerua\Documents\CDA\janadistribution\backend\node_modules\express\lib\application.js:217:11)
    at use (C:\Users\nerua\Documents\CDA\janadistribution\backend\tests\integration\product.routes.test.js:31:7)
    at Object.createTestApp (C:\Users\nerua\Documents\CDA\janadistribution\backend\tests\integration\product.routes.test.js:39:11)
    at Promise.then.completed (C:\Users\nerua\Documents\CDA\janadistribution\backend\node_modules\jest-circus\build\utils.js:298:28)
    at new Promise (&lt;anonymous&gt;)
    at callAsyncCircusFn (C:\Users\nerua\Documents\CDA\janadistribution\backend\node_modules\jest-circus\build\utils.js:231:10)
    at _callCircusHook (C:\Users\nerua\Documents\CDA\janadistribution\backend\node_modules\jest-circus\build\run.js:281:40)
    at processTicksAndRejections (node:internal/process/task_queues:105:5)
    at _runTestsForDescribeBlock (C:\Users\nerua\Documents\CDA\janadistribution\backend\node_modules\jest-circus\build\run.js:95:7)
    at _runTestsForDescribeBlock (C:\Users\nerua\Documents\CDA\janadistribution\backend\node_modules\jest-circus\build\run.js:121:9)
    at run (C:\Users\nerua\Documents\CDA\janadistribution\backend\node_modules\jest-circus\build\run.js:71:3)
    at runAndTransformResultsToJestFormat (C:\Users\nerua\Documents\CDA\janadistribution\backend\node_modules\jest-circus\build\legacy-code-todo-rewrite\jestAdapterInit.js:122:21)
    at jestAdapter (C:\Users\nerua\Documents\CDA\janadistribution\backend\node_modules\jest-circus\build\legacy-code-todo-rewrite\jestAdapter.js:79:19)
    at runTestInternal (C:\Users\nerua\Documents\CDA\janadistribution\backend\node_modules\jest-runner\build\runTest.js:367:16)
    at runTest (C:\Users\nerua\Documents\CDA\janadistribution\backend\node_modules\jest-runner\build\runTest.js:444:34)</failure>
    </testcase>
    <testcase classname="Product Routes - Integration Tests GET /api/products devrait supporter la pagination" name="Product Routes - Integration Tests GET /api/products devrait supporter la pagination" time="0">
      <failure>TypeError: app.use() requires a middleware function
    at Function.use (C:\Users\nerua\Documents\CDA\janadistribution\backend\node_modules\express\lib\application.js:217:11)
    at use (C:\Users\nerua\Documents\CDA\janadistribution\backend\tests\integration\product.routes.test.js:31:7)
    at Object.createTestApp (C:\Users\nerua\Documents\CDA\janadistribution\backend\tests\integration\product.routes.test.js:39:11)
    at Promise.then.completed (C:\Users\nerua\Documents\CDA\janadistribution\backend\node_modules\jest-circus\build\utils.js:298:28)
    at new Promise (&lt;anonymous&gt;)
    at callAsyncCircusFn (C:\Users\nerua\Documents\CDA\janadistribution\backend\node_modules\jest-circus\build\utils.js:231:10)
    at _callCircusHook (C:\Users\nerua\Documents\CDA\janadistribution\backend\node_modules\jest-circus\build\run.js:281:40)
    at processTicksAndRejections (node:internal/process/task_queues:105:5)
    at _runTestsForDescribeBlock (C:\Users\nerua\Documents\CDA\janadistribution\backend\node_modules\jest-circus\build\run.js:95:7)
    at _runTestsForDescribeBlock (C:\Users\nerua\Documents\CDA\janadistribution\backend\node_modules\jest-circus\build\run.js:121:9)
    at run (C:\Users\nerua\Documents\CDA\janadistribution\backend\node_modules\jest-circus\build\run.js:71:3)
    at runAndTransformResultsToJestFormat (C:\Users\nerua\Documents\CDA\janadistribution\backend\node_modules\jest-circus\build\legacy-code-todo-rewrite\jestAdapterInit.js:122:21)
    at jestAdapter (C:\Users\nerua\Documents\CDA\janadistribution\backend\node_modules\jest-circus\build\legacy-code-todo-rewrite\jestAdapter.js:79:19)
    at runTestInternal (C:\Users\nerua\Documents\CDA\janadistribution\backend\node_modules\jest-runner\build\runTest.js:367:16)
    at runTest (C:\Users\nerua\Documents\CDA\janadistribution\backend\node_modules\jest-runner\build\runTest.js:444:34)</failure>
    </testcase>
    <testcase classname="Product Routes - Integration Tests GET /api/products devrait filtrer par catégorie" name="Product Routes - Integration Tests GET /api/products devrait filtrer par catégorie" time="0">
      <failure>TypeError: app.use() requires a middleware function
    at Function.use (C:\Users\nerua\Documents\CDA\janadistribution\backend\node_modules\express\lib\application.js:217:11)
    at use (C:\Users\nerua\Documents\CDA\janadistribution\backend\tests\integration\product.routes.test.js:31:7)
    at Object.createTestApp (C:\Users\nerua\Documents\CDA\janadistribution\backend\tests\integration\product.routes.test.js:39:11)
    at Promise.then.completed (C:\Users\nerua\Documents\CDA\janadistribution\backend\node_modules\jest-circus\build\utils.js:298:28)
    at new Promise (&lt;anonymous&gt;)
    at callAsyncCircusFn (C:\Users\nerua\Documents\CDA\janadistribution\backend\node_modules\jest-circus\build\utils.js:231:10)
    at _callCircusHook (C:\Users\nerua\Documents\CDA\janadistribution\backend\node_modules\jest-circus\build\run.js:281:40)
    at processTicksAndRejections (node:internal/process/task_queues:105:5)
    at _runTestsForDescribeBlock (C:\Users\nerua\Documents\CDA\janadistribution\backend\node_modules\jest-circus\build\run.js:95:7)
    at _runTestsForDescribeBlock (C:\Users\nerua\Documents\CDA\janadistribution\backend\node_modules\jest-circus\build\run.js:121:9)
    at run (C:\Users\nerua\Documents\CDA\janadistribution\backend\node_modules\jest-circus\build\run.js:71:3)
    at runAndTransformResultsToJestFormat (C:\Users\nerua\Documents\CDA\janadistribution\backend\node_modules\jest-circus\build\legacy-code-todo-rewrite\jestAdapterInit.js:122:21)
    at jestAdapter (C:\Users\nerua\Documents\CDA\janadistribution\backend\node_modules\jest-circus\build\legacy-code-todo-rewrite\jestAdapter.js:79:19)
    at runTestInternal (C:\Users\nerua\Documents\CDA\janadistribution\backend\node_modules\jest-runner\build\runTest.js:367:16)
    at runTest (C:\Users\nerua\Documents\CDA\janadistribution\backend\node_modules\jest-runner\build\runTest.js:444:34)</failure>
    </testcase>
    <testcase classname="Product Routes - Integration Tests GET /api/products devrait filtrer par recherche textuelle" name="Product Routes - Integration Tests GET /api/products devrait filtrer par recherche textuelle" time="0">
      <failure>TypeError: app.use() requires a middleware function
    at Function.use (C:\Users\nerua\Documents\CDA\janadistribution\backend\node_modules\express\lib\application.js:217:11)
    at use (C:\Users\nerua\Documents\CDA\janadistribution\backend\tests\integration\product.routes.test.js:31:7)
    at Object.createTestApp (C:\Users\nerua\Documents\CDA\janadistribution\backend\tests\integration\product.routes.test.js:39:11)
    at Promise.then.completed (C:\Users\nerua\Documents\CDA\janadistribution\backend\node_modules\jest-circus\build\utils.js:298:28)
    at new Promise (&lt;anonymous&gt;)
    at callAsyncCircusFn (C:\Users\nerua\Documents\CDA\janadistribution\backend\node_modules\jest-circus\build\utils.js:231:10)
    at _callCircusHook (C:\Users\nerua\Documents\CDA\janadistribution\backend\node_modules\jest-circus\build\run.js:281:40)
    at processTicksAndRejections (node:internal/process/task_queues:105:5)
    at _runTestsForDescribeBlock (C:\Users\nerua\Documents\CDA\janadistribution\backend\node_modules\jest-circus\build\run.js:95:7)
    at _runTestsForDescribeBlock (C:\Users\nerua\Documents\CDA\janadistribution\backend\node_modules\jest-circus\build\run.js:121:9)
    at run (C:\Users\nerua\Documents\CDA\janadistribution\backend\node_modules\jest-circus\build\run.js:71:3)
    at runAndTransformResultsToJestFormat (C:\Users\nerua\Documents\CDA\janadistribution\backend\node_modules\jest-circus\build\legacy-code-todo-rewrite\jestAdapterInit.js:122:21)
    at jestAdapter (C:\Users\nerua\Documents\CDA\janadistribution\backend\node_modules\jest-circus\build\legacy-code-todo-rewrite\jestAdapter.js:79:19)
    at runTestInternal (C:\Users\nerua\Documents\CDA\janadistribution\backend\node_modules\jest-runner\build\runTest.js:367:16)
    at runTest (C:\Users\nerua\Documents\CDA\janadistribution\backend\node_modules\jest-runner\build\runTest.js:444:34)</failure>
    </testcase>
    <testcase classname="Product Routes - Integration Tests GET /api/products devrait filtrer par prix min/max" name="Product Routes - Integration Tests GET /api/products devrait filtrer par prix min/max" time="0">
      <failure>TypeError: app.use() requires a middleware function
    at Function.use (C:\Users\nerua\Documents\CDA\janadistribution\backend\node_modules\express\lib\application.js:217:11)
    at use (C:\Users\nerua\Documents\CDA\janadistribution\backend\tests\integration\product.routes.test.js:31:7)
    at Object.createTestApp (C:\Users\nerua\Documents\CDA\janadistribution\backend\tests\integration\product.routes.test.js:39:11)
    at Promise.then.completed (C:\Users\nerua\Documents\CDA\janadistribution\backend\node_modules\jest-circus\build\utils.js:298:28)
    at new Promise (&lt;anonymous&gt;)
    at callAsyncCircusFn (C:\Users\nerua\Documents\CDA\janadistribution\backend\node_modules\jest-circus\build\utils.js:231:10)
    at _callCircusHook (C:\Users\nerua\Documents\CDA\janadistribution\backend\node_modules\jest-circus\build\run.js:281:40)
    at processTicksAndRejections (node:internal/process/task_queues:105:5)
    at _runTestsForDescribeBlock (C:\Users\nerua\Documents\CDA\janadistribution\backend\node_modules\jest-circus\build\run.js:95:7)
    at _runTestsForDescribeBlock (C:\Users\nerua\Documents\CDA\janadistribution\backend\node_modules\jest-circus\build\run.js:121:9)
    at run (C:\Users\nerua\Documents\CDA\janadistribution\backend\node_modules\jest-circus\build\run.js:71:3)
    at runAndTransformResultsToJestFormat (C:\Users\nerua\Documents\CDA\janadistribution\backend\node_modules\jest-circus\build\legacy-code-todo-rewrite\jestAdapterInit.js:122:21)
    at jestAdapter (C:\Users\nerua\Documents\CDA\janadistribution\backend\node_modules\jest-circus\build\legacy-code-todo-rewrite\jestAdapter.js:79:19)
    at runTestInternal (C:\Users\nerua\Documents\CDA\janadistribution\backend\node_modules\jest-runner\build\runTest.js:367:16)
    at runTest (C:\Users\nerua\Documents\CDA\janadistribution\backend\node_modules\jest-runner\build\runTest.js:444:34)</failure>
    </testcase>
    <testcase classname="Product Routes - Integration Tests GET /api/products devrait filtrer par disponibilité en stock" name="Product Routes - Integration Tests GET /api/products devrait filtrer par disponibilité en stock" time="0">
      <failure>TypeError: app.use() requires a middleware function
    at Function.use (C:\Users\nerua\Documents\CDA\janadistribution\backend\node_modules\express\lib\application.js:217:11)
    at use (C:\Users\nerua\Documents\CDA\janadistribution\backend\tests\integration\product.routes.test.js:31:7)
    at Object.createTestApp (C:\Users\nerua\Documents\CDA\janadistribution\backend\tests\integration\product.routes.test.js:39:11)
    at Promise.then.completed (C:\Users\nerua\Documents\CDA\janadistribution\backend\node_modules\jest-circus\build\utils.js:298:28)
    at new Promise (&lt;anonymous&gt;)
    at callAsyncCircusFn (C:\Users\nerua\Documents\CDA\janadistribution\backend\node_modules\jest-circus\build\utils.js:231:10)
    at _callCircusHook (C:\Users\nerua\Documents\CDA\janadistribution\backend\node_modules\jest-circus\build\run.js:281:40)
    at processTicksAndRejections (node:internal/process/task_queues:105:5)
    at _runTestsForDescribeBlock (C:\Users\nerua\Documents\CDA\janadistribution\backend\node_modules\jest-circus\build\run.js:95:7)
    at _runTestsForDescribeBlock (C:\Users\nerua\Documents\CDA\janadistribution\backend\node_modules\jest-circus\build\run.js:121:9)
    at run (C:\Users\nerua\Documents\CDA\janadistribution\backend\node_modules\jest-circus\build\run.js:71:3)
    at runAndTransformResultsToJestFormat (C:\Users\nerua\Documents\CDA\janadistribution\backend\node_modules\jest-circus\build\legacy-code-todo-rewrite\jestAdapterInit.js:122:21)
    at jestAdapter (C:\Users\nerua\Documents\CDA\janadistribution\backend\node_modules\jest-circus\build\legacy-code-todo-rewrite\jestAdapter.js:79:19)
    at runTestInternal (C:\Users\nerua\Documents\CDA\janadistribution\backend\node_modules\jest-runner\build\runTest.js:367:16)
    at runTest (C:\Users\nerua\Documents\CDA\janadistribution\backend\node_modules\jest-runner\build\runTest.js:444:34)</failure>
    </testcase>
    <testcase classname="Product Routes - Integration Tests GET /api/products devrait supporter le tri" name="Product Routes - Integration Tests GET /api/products devrait supporter le tri" time="0">
      <failure>TypeError: app.use() requires a middleware function
    at Function.use (C:\Users\nerua\Documents\CDA\janadistribution\backend\node_modules\express\lib\application.js:217:11)
    at use (C:\Users\nerua\Documents\CDA\janadistribution\backend\tests\integration\product.routes.test.js:31:7)
    at Object.createTestApp (C:\Users\nerua\Documents\CDA\janadistribution\backend\tests\integration\product.routes.test.js:39:11)
    at Promise.then.completed (C:\Users\nerua\Documents\CDA\janadistribution\backend\node_modules\jest-circus\build\utils.js:298:28)
    at new Promise (&lt;anonymous&gt;)
    at callAsyncCircusFn (C:\Users\nerua\Documents\CDA\janadistribution\backend\node_modules\jest-circus\build\utils.js:231:10)
    at _callCircusHook (C:\Users\nerua\Documents\CDA\janadistribution\backend\node_modules\jest-circus\build\run.js:281:40)
    at processTicksAndRejections (node:internal/process/task_queues:105:5)
    at _runTestsForDescribeBlock (C:\Users\nerua\Documents\CDA\janadistribution\backend\node_modules\jest-circus\build\run.js:95:7)
    at _runTestsForDescribeBlock (C:\Users\nerua\Documents\CDA\janadistribution\backend\node_modules\jest-circus\build\run.js:121:9)
    at run (C:\Users\nerua\Documents\CDA\janadistribution\backend\node_modules\jest-circus\build\run.js:71:3)
    at runAndTransformResultsToJestFormat (C:\Users\nerua\Documents\CDA\janadistribution\backend\node_modules\jest-circus\build\legacy-code-todo-rewrite\jestAdapterInit.js:122:21)
    at jestAdapter (C:\Users\nerua\Documents\CDA\janadistribution\backend\node_modules\jest-circus\build\legacy-code-todo-rewrite\jestAdapter.js:79:19)
    at runTestInternal (C:\Users\nerua\Documents\CDA\janadistribution\backend\node_modules\jest-runner\build\runTest.js:367:16)
    at runTest (C:\Users\nerua\Documents\CDA\janadistribution\backend\node_modules\jest-runner\build\runTest.js:444:34)</failure>
    </testcase>
    <testcase classname="Product Routes - Integration Tests GET /api/products/:id devrait retourner un produit par ID (200)" name="Product Routes - Integration Tests GET /api/products/:id devrait retourner un produit par ID (200)" time="0">
      <failure>TypeError: app.use() requires a middleware function
    at Function.use (C:\Users\nerua\Documents\CDA\janadistribution\backend\node_modules\express\lib\application.js:217:11)
    at use (C:\Users\nerua\Documents\CDA\janadistribution\backend\tests\integration\product.routes.test.js:31:7)
    at Object.createTestApp (C:\Users\nerua\Documents\CDA\janadistribution\backend\tests\integration\product.routes.test.js:39:11)
    at Promise.then.completed (C:\Users\nerua\Documents\CDA\janadistribution\backend\node_modules\jest-circus\build\utils.js:298:28)
    at new Promise (&lt;anonymous&gt;)
    at callAsyncCircusFn (C:\Users\nerua\Documents\CDA\janadistribution\backend\node_modules\jest-circus\build\utils.js:231:10)
    at _callCircusHook (C:\Users\nerua\Documents\CDA\janadistribution\backend\node_modules\jest-circus\build\run.js:281:40)
    at processTicksAndRejections (node:internal/process/task_queues:105:5)
    at _runTestsForDescribeBlock (C:\Users\nerua\Documents\CDA\janadistribution\backend\node_modules\jest-circus\build\run.js:95:7)
    at _runTestsForDescribeBlock (C:\Users\nerua\Documents\CDA\janadistribution\backend\node_modules\jest-circus\build\run.js:121:9)
    at run (C:\Users\nerua\Documents\CDA\janadistribution\backend\node_modules\jest-circus\build\run.js:71:3)
    at runAndTransformResultsToJestFormat (C:\Users\nerua\Documents\CDA\janadistribution\backend\node_modules\jest-circus\build\legacy-code-todo-rewrite\jestAdapterInit.js:122:21)
    at jestAdapter (C:\Users\nerua\Documents\CDA\janadistribution\backend\node_modules\jest-circus\build\legacy-code-todo-rewrite\jestAdapter.js:79:19)
    at runTestInternal (C:\Users\nerua\Documents\CDA\janadistribution\backend\node_modules\jest-runner\build\runTest.js:367:16)
    at runTest (C:\Users\nerua\Documents\CDA\janadistribution\backend\node_modules\jest-runner\build\runTest.js:444:34)</failure>
    </testcase>
    <testcase classname="Product Routes - Integration Tests GET /api/products/:id devrait retourner 404 si le produit n&apos;existe pas" name="Product Routes - Integration Tests GET /api/products/:id devrait retourner 404 si le produit n&apos;existe pas" time="0">
      <failure>TypeError: app.use() requires a middleware function
    at Function.use (C:\Users\nerua\Documents\CDA\janadistribution\backend\node_modules\express\lib\application.js:217:11)
    at use (C:\Users\nerua\Documents\CDA\janadistribution\backend\tests\integration\product.routes.test.js:31:7)
    at Object.createTestApp (C:\Users\nerua\Documents\CDA\janadistribution\backend\tests\integration\product.routes.test.js:39:11)
    at Promise.then.completed (C:\Users\nerua\Documents\CDA\janadistribution\backend\node_modules\jest-circus\build\utils.js:298:28)
    at new Promise (&lt;anonymous&gt;)
    at callAsyncCircusFn (C:\Users\nerua\Documents\CDA\janadistribution\backend\node_modules\jest-circus\build\utils.js:231:10)
    at _callCircusHook (C:\Users\nerua\Documents\CDA\janadistribution\backend\node_modules\jest-circus\build\run.js:281:40)
    at processTicksAndRejections (node:internal/process/task_queues:105:5)
    at _runTestsForDescribeBlock (C:\Users\nerua\Documents\CDA\janadistribution\backend\node_modules\jest-circus\build\run.js:95:7)
    at _runTestsForDescribeBlock (C:\Users\nerua\Documents\CDA\janadistribution\backend\node_modules\jest-circus\build\run.js:121:9)
    at run (C:\Users\nerua\Documents\CDA\janadistribution\backend\node_modules\jest-circus\build\run.js:71:3)
    at runAndTransformResultsToJestFormat (C:\Users\nerua\Documents\CDA\janadistribution\backend\node_modules\jest-circus\build\legacy-code-todo-rewrite\jestAdapterInit.js:122:21)
    at jestAdapter (C:\Users\nerua\Documents\CDA\janadistribution\backend\node_modules\jest-circus\build\legacy-code-todo-rewrite\jestAdapter.js:79:19)
    at runTestInternal (C:\Users\nerua\Documents\CDA\janadistribution\backend\node_modules\jest-runner\build\runTest.js:367:16)
    at runTest (C:\Users\nerua\Documents\CDA\janadistribution\backend\node_modules\jest-runner\build\runTest.js:444:34)</failure>
    </testcase>
    <testcase classname="Product Routes - Integration Tests GET /api/products/:id devrait valider le format UUID" name="Product Routes - Integration Tests GET /api/products/:id devrait valider le format UUID" time="0">
      <failure>TypeError: app.use() requires a middleware function
    at Function.use (C:\Users\nerua\Documents\CDA\janadistribution\backend\node_modules\express\lib\application.js:217:11)
    at use (C:\Users\nerua\Documents\CDA\janadistribution\backend\tests\integration\product.routes.test.js:31:7)
    at Object.createTestApp (C:\Users\nerua\Documents\CDA\janadistribution\backend\tests\integration\product.routes.test.js:39:11)
    at Promise.then.completed (C:\Users\nerua\Documents\CDA\janadistribution\backend\node_modules\jest-circus\build\utils.js:298:28)
    at new Promise (&lt;anonymous&gt;)
    at callAsyncCircusFn (C:\Users\nerua\Documents\CDA\janadistribution\backend\node_modules\jest-circus\build\utils.js:231:10)
    at _callCircusHook (C:\Users\nerua\Documents\CDA\janadistribution\backend\node_modules\jest-circus\build\run.js:281:40)
    at processTicksAndRejections (node:internal/process/task_queues:105:5)
    at _runTestsForDescribeBlock (C:\Users\nerua\Documents\CDA\janadistribution\backend\node_modules\jest-circus\build\run.js:95:7)
    at _runTestsForDescribeBlock (C:\Users\nerua\Documents\CDA\janadistribution\backend\node_modules\jest-circus\build\run.js:121:9)
    at run (C:\Users\nerua\Documents\CDA\janadistribution\backend\node_modules\jest-circus\build\run.js:71:3)
    at runAndTransformResultsToJestFormat (C:\Users\nerua\Documents\CDA\janadistribution\backend\node_modules\jest-circus\build\legacy-code-todo-rewrite\jestAdapterInit.js:122:21)
    at jestAdapter (C:\Users\nerua\Documents\CDA\janadistribution\backend\node_modules\jest-circus\build\legacy-code-todo-rewrite\jestAdapter.js:79:19)
    at runTestInternal (C:\Users\nerua\Documents\CDA\janadistribution\backend\node_modules\jest-runner\build\runTest.js:367:16)
    at runTest (C:\Users\nerua\Documents\CDA\janadistribution\backend\node_modules\jest-runner\build\runTest.js:444:34)</failure>
    </testcase>
    <testcase classname="Product Routes - Integration Tests GET /api/products/slug/:slug devrait retourner un produit par slug (200)" name="Product Routes - Integration Tests GET /api/products/slug/:slug devrait retourner un produit par slug (200)" time="0">
      <failure>TypeError: app.use() requires a middleware function
    at Function.use (C:\Users\nerua\Documents\CDA\janadistribution\backend\node_modules\express\lib\application.js:217:11)
    at use (C:\Users\nerua\Documents\CDA\janadistribution\backend\tests\integration\product.routes.test.js:31:7)
    at Object.createTestApp (C:\Users\nerua\Documents\CDA\janadistribution\backend\tests\integration\product.routes.test.js:39:11)
    at Promise.then.completed (C:\Users\nerua\Documents\CDA\janadistribution\backend\node_modules\jest-circus\build\utils.js:298:28)
    at new Promise (&lt;anonymous&gt;)
    at callAsyncCircusFn (C:\Users\nerua\Documents\CDA\janadistribution\backend\node_modules\jest-circus\build\utils.js:231:10)
    at _callCircusHook (C:\Users\nerua\Documents\CDA\janadistribution\backend\node_modules\jest-circus\build\run.js:281:40)
    at processTicksAndRejections (node:internal/process/task_queues:105:5)
    at _runTestsForDescribeBlock (C:\Users\nerua\Documents\CDA\janadistribution\backend\node_modules\jest-circus\build\run.js:95:7)
    at _runTestsForDescribeBlock (C:\Users\nerua\Documents\CDA\janadistribution\backend\node_modules\jest-circus\build\run.js:121:9)
    at run (C:\Users\nerua\Documents\CDA\janadistribution\backend\node_modules\jest-circus\build\run.js:71:3)
    at runAndTransformResultsToJestFormat (C:\Users\nerua\Documents\CDA\janadistribution\backend\node_modules\jest-circus\build\legacy-code-todo-rewrite\jestAdapterInit.js:122:21)
    at jestAdapter (C:\Users\nerua\Documents\CDA\janadistribution\backend\node_modules\jest-circus\build\legacy-code-todo-rewrite\jestAdapter.js:79:19)
    at runTestInternal (C:\Users\nerua\Documents\CDA\janadistribution\backend\node_modules\jest-runner\build\runTest.js:367:16)
    at runTest (C:\Users\nerua\Documents\CDA\janadistribution\backend\node_modules\jest-runner\build\runTest.js:444:34)</failure>
    </testcase>
    <testcase classname="Product Routes - Integration Tests GET /api/products/slug/:slug devrait retourner 404 si le slug n&apos;existe pas" name="Product Routes - Integration Tests GET /api/products/slug/:slug devrait retourner 404 si le slug n&apos;existe pas" time="0">
      <failure>TypeError: app.use() requires a middleware function
    at Function.use (C:\Users\nerua\Documents\CDA\janadistribution\backend\node_modules\express\lib\application.js:217:11)
    at use (C:\Users\nerua\Documents\CDA\janadistribution\backend\tests\integration\product.routes.test.js:31:7)
    at Object.createTestApp (C:\Users\nerua\Documents\CDA\janadistribution\backend\tests\integration\product.routes.test.js:39:11)
    at Promise.then.completed (C:\Users\nerua\Documents\CDA\janadistribution\backend\node_modules\jest-circus\build\utils.js:298:28)
    at new Promise (&lt;anonymous&gt;)
    at callAsyncCircusFn (C:\Users\nerua\Documents\CDA\janadistribution\backend\node_modules\jest-circus\build\utils.js:231:10)
    at _callCircusHook (C:\Users\nerua\Documents\CDA\janadistribution\backend\node_modules\jest-circus\build\run.js:281:40)
    at processTicksAndRejections (node:internal/process/task_queues:105:5)
    at _runTestsForDescribeBlock (C:\Users\nerua\Documents\CDA\janadistribution\backend\node_modules\jest-circus\build\run.js:95:7)
    at _runTestsForDescribeBlock (C:\Users\nerua\Documents\CDA\janadistribution\backend\node_modules\jest-circus\build\run.js:121:9)
    at run (C:\Users\nerua\Documents\CDA\janadistribution\backend\node_modules\jest-circus\build\run.js:71:3)
    at runAndTransformResultsToJestFormat (C:\Users\nerua\Documents\CDA\janadistribution\backend\node_modules\jest-circus\build\legacy-code-todo-rewrite\jestAdapterInit.js:122:21)
    at jestAdapter (C:\Users\nerua\Documents\CDA\janadistribution\backend\node_modules\jest-circus\build\legacy-code-todo-rewrite\jestAdapter.js:79:19)
    at runTestInternal (C:\Users\nerua\Documents\CDA\janadistribution\backend\node_modules\jest-runner\build\runTest.js:367:16)
    at runTest (C:\Users\nerua\Documents\CDA\janadistribution\backend\node_modules\jest-runner\build\runTest.js:444:34)</failure>
    </testcase>
    <testcase classname="Product Routes - Integration Tests GET /api/products/promos devrait retourner les produits en promotion (200)" name="Product Routes - Integration Tests GET /api/products/promos devrait retourner les produits en promotion (200)" time="0">
      <failure>TypeError: app.use() requires a middleware function
    at Function.use (C:\Users\nerua\Documents\CDA\janadistribution\backend\node_modules\express\lib\application.js:217:11)
    at use (C:\Users\nerua\Documents\CDA\janadistribution\backend\tests\integration\product.routes.test.js:31:7)
    at Object.createTestApp (C:\Users\nerua\Documents\CDA\janadistribution\backend\tests\integration\product.routes.test.js:39:11)
    at Promise.then.completed (C:\Users\nerua\Documents\CDA\janadistribution\backend\node_modules\jest-circus\build\utils.js:298:28)
    at new Promise (&lt;anonymous&gt;)
    at callAsyncCircusFn (C:\Users\nerua\Documents\CDA\janadistribution\backend\node_modules\jest-circus\build\utils.js:231:10)
    at _callCircusHook (C:\Users\nerua\Documents\CDA\janadistribution\backend\node_modules\jest-circus\build\run.js:281:40)
    at processTicksAndRejections (node:internal/process/task_queues:105:5)
    at _runTestsForDescribeBlock (C:\Users\nerua\Documents\CDA\janadistribution\backend\node_modules\jest-circus\build\run.js:95:7)
    at _runTestsForDescribeBlock (C:\Users\nerua\Documents\CDA\janadistribution\backend\node_modules\jest-circus\build\run.js:121:9)
    at run (C:\Users\nerua\Documents\CDA\janadistribution\backend\node_modules\jest-circus\build\run.js:71:3)
    at runAndTransformResultsToJestFormat (C:\Users\nerua\Documents\CDA\janadistribution\backend\node_modules\jest-circus\build\legacy-code-todo-rewrite\jestAdapterInit.js:122:21)
    at jestAdapter (C:\Users\nerua\Documents\CDA\janadistribution\backend\node_modules\jest-circus\build\legacy-code-todo-rewrite\jestAdapter.js:79:19)
    at runTestInternal (C:\Users\nerua\Documents\CDA\janadistribution\backend\node_modules\jest-runner\build\runTest.js:367:16)
    at runTest (C:\Users\nerua\Documents\CDA\janadistribution\backend\node_modules\jest-runner\build\runTest.js:444:34)</failure>
    </testcase>
    <testcase classname="Product Routes - Integration Tests GET /api/products/featured devrait retourner les produits mis en avant (200)" name="Product Routes - Integration Tests GET /api/products/featured devrait retourner les produits mis en avant (200)" time="0">
      <failure>TypeError: app.use() requires a middleware function
    at Function.use (C:\Users\nerua\Documents\CDA\janadistribution\backend\node_modules\express\lib\application.js:217:11)
    at use (C:\Users\nerua\Documents\CDA\janadistribution\backend\tests\integration\product.routes.test.js:31:7)
    at Object.createTestApp (C:\Users\nerua\Documents\CDA\janadistribution\backend\tests\integration\product.routes.test.js:39:11)
    at Promise.then.completed (C:\Users\nerua\Documents\CDA\janadistribution\backend\node_modules\jest-circus\build\utils.js:298:28)
    at new Promise (&lt;anonymous&gt;)
    at callAsyncCircusFn (C:\Users\nerua\Documents\CDA\janadistribution\backend\node_modules\jest-circus\build\utils.js:231:10)
    at _callCircusHook (C:\Users\nerua\Documents\CDA\janadistribution\backend\node_modules\jest-circus\build\run.js:281:40)
    at processTicksAndRejections (node:internal/process/task_queues:105:5)
    at _runTestsForDescribeBlock (C:\Users\nerua\Documents\CDA\janadistribution\backend\node_modules\jest-circus\build\run.js:95:7)
    at _runTestsForDescribeBlock (C:\Users\nerua\Documents\CDA\janadistribution\backend\node_modules\jest-circus\build\run.js:121:9)
    at run (C:\Users\nerua\Documents\CDA\janadistribution\backend\node_modules\jest-circus\build\run.js:71:3)
    at runAndTransformResultsToJestFormat (C:\Users\nerua\Documents\CDA\janadistribution\backend\node_modules\jest-circus\build\legacy-code-todo-rewrite\jestAdapterInit.js:122:21)
    at jestAdapter (C:\Users\nerua\Documents\CDA\janadistribution\backend\node_modules\jest-circus\build\legacy-code-todo-rewrite\jestAdapter.js:79:19)
    at runTestInternal (C:\Users\nerua\Documents\CDA\janadistribution\backend\node_modules\jest-runner\build\runTest.js:367:16)
    at runTest (C:\Users\nerua\Documents\CDA\janadistribution\backend\node_modules\jest-runner\build\runTest.js:444:34)</failure>
    </testcase>
    <testcase classname="Product Routes - Integration Tests GET /api/products/featured devrait supporter le paramètre limit" name="Product Routes - Integration Tests GET /api/products/featured devrait supporter le paramètre limit" time="0">
      <failure>TypeError: app.use() requires a middleware function
    at Function.use (C:\Users\nerua\Documents\CDA\janadistribution\backend\node_modules\express\lib\application.js:217:11)
    at use (C:\Users\nerua\Documents\CDA\janadistribution\backend\tests\integration\product.routes.test.js:31:7)
    at Object.createTestApp (C:\Users\nerua\Documents\CDA\janadistribution\backend\tests\integration\product.routes.test.js:39:11)
    at Promise.then.completed (C:\Users\nerua\Documents\CDA\janadistribution\backend\node_modules\jest-circus\build\utils.js:298:28)
    at new Promise (&lt;anonymous&gt;)
    at callAsyncCircusFn (C:\Users\nerua\Documents\CDA\janadistribution\backend\node_modules\jest-circus\build\utils.js:231:10)
    at _callCircusHook (C:\Users\nerua\Documents\CDA\janadistribution\backend\node_modules\jest-circus\build\run.js:281:40)
    at processTicksAndRejections (node:internal/process/task_queues:105:5)
    at _runTestsForDescribeBlock (C:\Users\nerua\Documents\CDA\janadistribution\backend\node_modules\jest-circus\build\run.js:95:7)
    at _runTestsForDescribeBlock (C:\Users\nerua\Documents\CDA\janadistribution\backend\node_modules\jest-circus\build\run.js:121:9)
    at run (C:\Users\nerua\Documents\CDA\janadistribution\backend\node_modules\jest-circus\build\run.js:71:3)
    at runAndTransformResultsToJestFormat (C:\Users\nerua\Documents\CDA\janadistribution\backend\node_modules\jest-circus\build\legacy-code-todo-rewrite\jestAdapterInit.js:122:21)
    at jestAdapter (C:\Users\nerua\Documents\CDA\janadistribution\backend\node_modules\jest-circus\build\legacy-code-todo-rewrite\jestAdapter.js:79:19)
    at runTestInternal (C:\Users\nerua\Documents\CDA\janadistribution\backend\node_modules\jest-runner\build\runTest.js:367:16)
    at runTest (C:\Users\nerua\Documents\CDA\janadistribution\backend\node_modules\jest-runner\build\runTest.js:444:34)</failure>
    </testcase>
    <testcase classname="Product Routes - Integration Tests POST /api/products devrait créer un produit en tant qu&apos;admin (201)" name="Product Routes - Integration Tests POST /api/products devrait créer un produit en tant qu&apos;admin (201)" time="0">
      <failure>TypeError: app.use() requires a middleware function
    at Function.use (C:\Users\nerua\Documents\CDA\janadistribution\backend\node_modules\express\lib\application.js:217:11)
    at use (C:\Users\nerua\Documents\CDA\janadistribution\backend\tests\integration\product.routes.test.js:31:7)
    at Object.createTestApp (C:\Users\nerua\Documents\CDA\janadistribution\backend\tests\integration\product.routes.test.js:39:11)
    at Promise.then.completed (C:\Users\nerua\Documents\CDA\janadistribution\backend\node_modules\jest-circus\build\utils.js:298:28)
    at new Promise (&lt;anonymous&gt;)
    at callAsyncCircusFn (C:\Users\nerua\Documents\CDA\janadistribution\backend\node_modules\jest-circus\build\utils.js:231:10)
    at _callCircusHook (C:\Users\nerua\Documents\CDA\janadistribution\backend\node_modules\jest-circus\build\run.js:281:40)
    at processTicksAndRejections (node:internal/process/task_queues:105:5)
    at _runTestsForDescribeBlock (C:\Users\nerua\Documents\CDA\janadistribution\backend\node_modules\jest-circus\build\run.js:95:7)
    at _runTestsForDescribeBlock (C:\Users\nerua\Documents\CDA\janadistribution\backend\node_modules\jest-circus\build\run.js:121:9)
    at run (C:\Users\nerua\Documents\CDA\janadistribution\backend\node_modules\jest-circus\build\run.js:71:3)
    at runAndTransformResultsToJestFormat (C:\Users\nerua\Documents\CDA\janadistribution\backend\node_modules\jest-circus\build\legacy-code-todo-rewrite\jestAdapterInit.js:122:21)
    at jestAdapter (C:\Users\nerua\Documents\CDA\janadistribution\backend\node_modules\jest-circus\build\legacy-code-todo-rewrite\jestAdapter.js:79:19)
    at runTestInternal (C:\Users\nerua\Documents\CDA\janadistribution\backend\node_modules\jest-runner\build\runTest.js:367:16)
    at runTest (C:\Users\nerua\Documents\CDA\janadistribution\backend\node_modules\jest-runner\build\runTest.js:444:34)</failure>
    </testcase>
    <testcase classname="Product Routes - Integration Tests POST /api/products devrait rejeter sans authentification (401)" name="Product Routes - Integration Tests POST /api/products devrait rejeter sans authentification (401)" time="0">
      <failure>TypeError: app.use() requires a middleware function
    at Function.use (C:\Users\nerua\Documents\CDA\janadistribution\backend\node_modules\express\lib\application.js:217:11)
    at use (C:\Users\nerua\Documents\CDA\janadistribution\backend\tests\integration\product.routes.test.js:31:7)
    at Object.createTestApp (C:\Users\nerua\Documents\CDA\janadistribution\backend\tests\integration\product.routes.test.js:39:11)
    at Promise.then.completed (C:\Users\nerua\Documents\CDA\janadistribution\backend\node_modules\jest-circus\build\utils.js:298:28)
    at new Promise (&lt;anonymous&gt;)
    at callAsyncCircusFn (C:\Users\nerua\Documents\CDA\janadistribution\backend\node_modules\jest-circus\build\utils.js:231:10)
    at _callCircusHook (C:\Users\nerua\Documents\CDA\janadistribution\backend\node_modules\jest-circus\build\run.js:281:40)
    at processTicksAndRejections (node:internal/process/task_queues:105:5)
    at _runTestsForDescribeBlock (C:\Users\nerua\Documents\CDA\janadistribution\backend\node_modules\jest-circus\build\run.js:95:7)
    at _runTestsForDescribeBlock (C:\Users\nerua\Documents\CDA\janadistribution\backend\node_modules\jest-circus\build\run.js:121:9)
    at run (C:\Users\nerua\Documents\CDA\janadistribution\backend\node_modules\jest-circus\build\run.js:71:3)
    at runAndTransformResultsToJestFormat (C:\Users\nerua\Documents\CDA\janadistribution\backend\node_modules\jest-circus\build\legacy-code-todo-rewrite\jestAdapterInit.js:122:21)
    at jestAdapter (C:\Users\nerua\Documents\CDA\janadistribution\backend\node_modules\jest-circus\build\legacy-code-todo-rewrite\jestAdapter.js:79:19)
    at runTestInternal (C:\Users\nerua\Documents\CDA\janadistribution\backend\node_modules\jest-runner\build\runTest.js:367:16)
    at runTest (C:\Users\nerua\Documents\CDA\janadistribution\backend\node_modules\jest-runner\build\runTest.js:444:34)</failure>
    </testcase>
    <testcase classname="Product Routes - Integration Tests POST /api/products devrait rejeter si non admin (403)" name="Product Routes - Integration Tests POST /api/products devrait rejeter si non admin (403)" time="0">
      <failure>TypeError: app.use() requires a middleware function
    at Function.use (C:\Users\nerua\Documents\CDA\janadistribution\backend\node_modules\express\lib\application.js:217:11)
    at use (C:\Users\nerua\Documents\CDA\janadistribution\backend\tests\integration\product.routes.test.js:31:7)
    at Object.createTestApp (C:\Users\nerua\Documents\CDA\janadistribution\backend\tests\integration\product.routes.test.js:39:11)
    at Promise.then.completed (C:\Users\nerua\Documents\CDA\janadistribution\backend\node_modules\jest-circus\build\utils.js:298:28)
    at new Promise (&lt;anonymous&gt;)
    at callAsyncCircusFn (C:\Users\nerua\Documents\CDA\janadistribution\backend\node_modules\jest-circus\build\utils.js:231:10)
    at _callCircusHook (C:\Users\nerua\Documents\CDA\janadistribution\backend\node_modules\jest-circus\build\run.js:281:40)
    at processTicksAndRejections (node:internal/process/task_queues:105:5)
    at _runTestsForDescribeBlock (C:\Users\nerua\Documents\CDA\janadistribution\backend\node_modules\jest-circus\build\run.js:95:7)
    at _runTestsForDescribeBlock (C:\Users\nerua\Documents\CDA\janadistribution\backend\node_modules\jest-circus\build\run.js:121:9)
    at run (C:\Users\nerua\Documents\CDA\janadistribution\backend\node_modules\jest-circus\build\run.js:71:3)
    at runAndTransformResultsToJestFormat (C:\Users\nerua\Documents\CDA\janadistribution\backend\node_modules\jest-circus\build\legacy-code-todo-rewrite\jestAdapterInit.js:122:21)
    at jestAdapter (C:\Users\nerua\Documents\CDA\janadistribution\backend\node_modules\jest-circus\build\legacy-code-todo-rewrite\jestAdapter.js:79:19)
    at runTestInternal (C:\Users\nerua\Documents\CDA\janadistribution\backend\node_modules\jest-runner\build\runTest.js:367:16)
    at runTest (C:\Users\nerua\Documents\CDA\janadistribution\backend\node_modules\jest-runner\build\runTest.js:444:34)</failure>
    </testcase>
    <testcase classname="Product Routes - Integration Tests POST /api/products devrait valider les données requises (400)" name="Product Routes - Integration Tests POST /api/products devrait valider les données requises (400)" time="0">
      <failure>TypeError: app.use() requires a middleware function
    at Function.use (C:\Users\nerua\Documents\CDA\janadistribution\backend\node_modules\express\lib\application.js:217:11)
    at use (C:\Users\nerua\Documents\CDA\janadistribution\backend\tests\integration\product.routes.test.js:31:7)
    at Object.createTestApp (C:\Users\nerua\Documents\CDA\janadistribution\backend\tests\integration\product.routes.test.js:39:11)
    at Promise.then.completed (C:\Users\nerua\Documents\CDA\janadistribution\backend\node_modules\jest-circus\build\utils.js:298:28)
    at new Promise (&lt;anonymous&gt;)
    at callAsyncCircusFn (C:\Users\nerua\Documents\CDA\janadistribution\backend\node_modules\jest-circus\build\utils.js:231:10)
    at _callCircusHook (C:\Users\nerua\Documents\CDA\janadistribution\backend\node_modules\jest-circus\build\run.js:281:40)
    at processTicksAndRejections (node:internal/process/task_queues:105:5)
    at _runTestsForDescribeBlock (C:\Users\nerua\Documents\CDA\janadistribution\backend\node_modules\jest-circus\build\run.js:95:7)
    at _runTestsForDescribeBlock (C:\Users\nerua\Documents\CDA\janadistribution\backend\node_modules\jest-circus\build\run.js:121:9)
    at run (C:\Users\nerua\Documents\CDA\janadistribution\backend\node_modules\jest-circus\build\run.js:71:3)
    at runAndTransformResultsToJestFormat (C:\Users\nerua\Documents\CDA\janadistribution\backend\node_modules\jest-circus\build\legacy-code-todo-rewrite\jestAdapterInit.js:122:21)
    at jestAdapter (C:\Users\nerua\Documents\CDA\janadistribution\backend\node_modules\jest-circus\build\legacy-code-todo-rewrite\jestAdapter.js:79:19)
    at runTestInternal (C:\Users\nerua\Documents\CDA\janadistribution\backend\node_modules\jest-runner\build\runTest.js:367:16)
    at runTest (C:\Users\nerua\Documents\CDA\janadistribution\backend\node_modules\jest-runner\build\runTest.js:444:34)</failure>
    </testcase>
    <testcase classname="Product Routes - Integration Tests POST /api/products devrait rejeter un prix négatif (400)" name="Product Routes - Integration Tests POST /api/products devrait rejeter un prix négatif (400)" time="0">
      <failure>TypeError: app.use() requires a middleware function
    at Function.use (C:\Users\nerua\Documents\CDA\janadistribution\backend\node_modules\express\lib\application.js:217:11)
    at use (C:\Users\nerua\Documents\CDA\janadistribution\backend\tests\integration\product.routes.test.js:31:7)
    at Object.createTestApp (C:\Users\nerua\Documents\CDA\janadistribution\backend\tests\integration\product.routes.test.js:39:11)
    at Promise.then.completed (C:\Users\nerua\Documents\CDA\janadistribution\backend\node_modules\jest-circus\build\utils.js:298:28)
    at new Promise (&lt;anonymous&gt;)
    at callAsyncCircusFn (C:\Users\nerua\Documents\CDA\janadistribution\backend\node_modules\jest-circus\build\utils.js:231:10)
    at _callCircusHook (C:\Users\nerua\Documents\CDA\janadistribution\backend\node_modules\jest-circus\build\run.js:281:40)
    at processTicksAndRejections (node:internal/process/task_queues:105:5)
    at _runTestsForDescribeBlock (C:\Users\nerua\Documents\CDA\janadistribution\backend\node_modules\jest-circus\build\run.js:95:7)
    at _runTestsForDescribeBlock (C:\Users\nerua\Documents\CDA\janadistribution\backend\node_modules\jest-circus\build\run.js:121:9)
    at run (C:\Users\nerua\Documents\CDA\janadistribution\backend\node_modules\jest-circus\build\run.js:71:3)
    at runAndTransformResultsToJestFormat (C:\Users\nerua\Documents\CDA\janadistribution\backend\node_modules\jest-circus\build\legacy-code-todo-rewrite\jestAdapterInit.js:122:21)
    at jestAdapter (C:\Users\nerua\Documents\CDA\janadistribution\backend\node_modules\jest-circus\build\legacy-code-todo-rewrite\jestAdapter.js:79:19)
    at runTestInternal (C:\Users\nerua\Documents\CDA\janadistribution\backend\node_modules\jest-runner\build\runTest.js:367:16)
    at runTest (C:\Users\nerua\Documents\CDA\janadistribution\backend\node_modules\jest-runner\build\runTest.js:444:34)</failure>
    </testcase>
    <testcase classname="Product Routes - Integration Tests PUT /api/products/:id devrait mettre à jour un produit en tant qu&apos;admin (200)" name="Product Routes - Integration Tests PUT /api/products/:id devrait mettre à jour un produit en tant qu&apos;admin (200)" time="0">
      <failure>TypeError: app.use() requires a middleware function
    at Function.use (C:\Users\nerua\Documents\CDA\janadistribution\backend\node_modules\express\lib\application.js:217:11)
    at use (C:\Users\nerua\Documents\CDA\janadistribution\backend\tests\integration\product.routes.test.js:31:7)
    at Object.createTestApp (C:\Users\nerua\Documents\CDA\janadistribution\backend\tests\integration\product.routes.test.js:39:11)
    at Promise.then.completed (C:\Users\nerua\Documents\CDA\janadistribution\backend\node_modules\jest-circus\build\utils.js:298:28)
    at new Promise (&lt;anonymous&gt;)
    at callAsyncCircusFn (C:\Users\nerua\Documents\CDA\janadistribution\backend\node_modules\jest-circus\build\utils.js:231:10)
    at _callCircusHook (C:\Users\nerua\Documents\CDA\janadistribution\backend\node_modules\jest-circus\build\run.js:281:40)
    at processTicksAndRejections (node:internal/process/task_queues:105:5)
    at _runTestsForDescribeBlock (C:\Users\nerua\Documents\CDA\janadistribution\backend\node_modules\jest-circus\build\run.js:95:7)
    at _runTestsForDescribeBlock (C:\Users\nerua\Documents\CDA\janadistribution\backend\node_modules\jest-circus\build\run.js:121:9)
    at run (C:\Users\nerua\Documents\CDA\janadistribution\backend\node_modules\jest-circus\build\run.js:71:3)
    at runAndTransformResultsToJestFormat (C:\Users\nerua\Documents\CDA\janadistribution\backend\node_modules\jest-circus\build\legacy-code-todo-rewrite\jestAdapterInit.js:122:21)
    at jestAdapter (C:\Users\nerua\Documents\CDA\janadistribution\backend\node_modules\jest-circus\build\legacy-code-todo-rewrite\jestAdapter.js:79:19)
    at runTestInternal (C:\Users\nerua\Documents\CDA\janadistribution\backend\node_modules\jest-runner\build\runTest.js:367:16)
    at runTest (C:\Users\nerua\Documents\CDA\janadistribution\backend\node_modules\jest-runner\build\runTest.js:444:34)</failure>
    </testcase>
    <testcase classname="Product Routes - Integration Tests PUT /api/products/:id devrait retourner 404 si le produit n&apos;existe pas" name="Product Routes - Integration Tests PUT /api/products/:id devrait retourner 404 si le produit n&apos;existe pas" time="0">
      <failure>TypeError: app.use() requires a middleware function
    at Function.use (C:\Users\nerua\Documents\CDA\janadistribution\backend\node_modules\express\lib\application.js:217:11)
    at use (C:\Users\nerua\Documents\CDA\janadistribution\backend\tests\integration\product.routes.test.js:31:7)
    at Object.createTestApp (C:\Users\nerua\Documents\CDA\janadistribution\backend\tests\integration\product.routes.test.js:39:11)
    at Promise.then.completed (C:\Users\nerua\Documents\CDA\janadistribution\backend\node_modules\jest-circus\build\utils.js:298:28)
    at new Promise (&lt;anonymous&gt;)
    at callAsyncCircusFn (C:\Users\nerua\Documents\CDA\janadistribution\backend\node_modules\jest-circus\build\utils.js:231:10)
    at _callCircusHook (C:\Users\nerua\Documents\CDA\janadistribution\backend\node_modules\jest-circus\build\run.js:281:40)
    at processTicksAndRejections (node:internal/process/task_queues:105:5)
    at _runTestsForDescribeBlock (C:\Users\nerua\Documents\CDA\janadistribution\backend\node_modules\jest-circus\build\run.js:95:7)
    at _runTestsForDescribeBlock (C:\Users\nerua\Documents\CDA\janadistribution\backend\node_modules\jest-circus\build\run.js:121:9)
    at run (C:\Users\nerua\Documents\CDA\janadistribution\backend\node_modules\jest-circus\build\run.js:71:3)
    at runAndTransformResultsToJestFormat (C:\Users\nerua\Documents\CDA\janadistribution\backend\node_modules\jest-circus\build\legacy-code-todo-rewrite\jestAdapterInit.js:122:21)
    at jestAdapter (C:\Users\nerua\Documents\CDA\janadistribution\backend\node_modules\jest-circus\build\legacy-code-todo-rewrite\jestAdapter.js:79:19)
    at runTestInternal (C:\Users\nerua\Documents\CDA\janadistribution\backend\node_modules\jest-runner\build\runTest.js:367:16)
    at runTest (C:\Users\nerua\Documents\CDA\janadistribution\backend\node_modules\jest-runner\build\runTest.js:444:34)</failure>
    </testcase>
    <testcase classname="Product Routes - Integration Tests PUT /api/products/:id devrait rejeter sans droits admin (403)" name="Product Routes - Integration Tests PUT /api/products/:id devrait rejeter sans droits admin (403)" time="0">
      <failure>TypeError: app.use() requires a middleware function
    at Function.use (C:\Users\nerua\Documents\CDA\janadistribution\backend\node_modules\express\lib\application.js:217:11)
    at use (C:\Users\nerua\Documents\CDA\janadistribution\backend\tests\integration\product.routes.test.js:31:7)
    at Object.createTestApp (C:\Users\nerua\Documents\CDA\janadistribution\backend\tests\integration\product.routes.test.js:39:11)
    at Promise.then.completed (C:\Users\nerua\Documents\CDA\janadistribution\backend\node_modules\jest-circus\build\utils.js:298:28)
    at new Promise (&lt;anonymous&gt;)
    at callAsyncCircusFn (C:\Users\nerua\Documents\CDA\janadistribution\backend\node_modules\jest-circus\build\utils.js:231:10)
    at _callCircusHook (C:\Users\nerua\Documents\CDA\janadistribution\backend\node_modules\jest-circus\build\run.js:281:40)
    at processTicksAndRejections (node:internal/process/task_queues:105:5)
    at _runTestsForDescribeBlock (C:\Users\nerua\Documents\CDA\janadistribution\backend\node_modules\jest-circus\build\run.js:95:7)
    at _runTestsForDescribeBlock (C:\Users\nerua\Documents\CDA\janadistribution\backend\node_modules\jest-circus\build\run.js:121:9)
    at run (C:\Users\nerua\Documents\CDA\janadistribution\backend\node_modules\jest-circus\build\run.js:71:3)
    at runAndTransformResultsToJestFormat (C:\Users\nerua\Documents\CDA\janadistribution\backend\node_modules\jest-circus\build\legacy-code-todo-rewrite\jestAdapterInit.js:122:21)
    at jestAdapter (C:\Users\nerua\Documents\CDA\janadistribution\backend\node_modules\jest-circus\build\legacy-code-todo-rewrite\jestAdapter.js:79:19)
    at runTestInternal (C:\Users\nerua\Documents\CDA\janadistribution\backend\node_modules\jest-runner\build\runTest.js:367:16)
    at runTest (C:\Users\nerua\Documents\CDA\janadistribution\backend\node_modules\jest-runner\build\runTest.js:444:34)</failure>
    </testcase>
    <testcase classname="Product Routes - Integration Tests DELETE /api/products/:id devrait désactiver un produit en tant qu&apos;admin (200)" name="Product Routes - Integration Tests DELETE /api/products/:id devrait désactiver un produit en tant qu&apos;admin (200)" time="0">
      <failure>TypeError: app.use() requires a middleware function
    at Function.use (C:\Users\nerua\Documents\CDA\janadistribution\backend\node_modules\express\lib\application.js:217:11)
    at use (C:\Users\nerua\Documents\CDA\janadistribution\backend\tests\integration\product.routes.test.js:31:7)
    at Object.createTestApp (C:\Users\nerua\Documents\CDA\janadistribution\backend\tests\integration\product.routes.test.js:39:11)
    at Promise.then.completed (C:\Users\nerua\Documents\CDA\janadistribution\backend\node_modules\jest-circus\build\utils.js:298:28)
    at new Promise (&lt;anonymous&gt;)
    at callAsyncCircusFn (C:\Users\nerua\Documents\CDA\janadistribution\backend\node_modules\jest-circus\build\utils.js:231:10)
    at _callCircusHook (C:\Users\nerua\Documents\CDA\janadistribution\backend\node_modules\jest-circus\build\run.js:281:40)
    at processTicksAndRejections (node:internal/process/task_queues:105:5)
    at _runTestsForDescribeBlock (C:\Users\nerua\Documents\CDA\janadistribution\backend\node_modules\jest-circus\build\run.js:95:7)
    at _runTestsForDescribeBlock (C:\Users\nerua\Documents\CDA\janadistribution\backend\node_modules\jest-circus\build\run.js:121:9)
    at run (C:\Users\nerua\Documents\CDA\janadistribution\backend\node_modules\jest-circus\build\run.js:71:3)
    at runAndTransformResultsToJestFormat (C:\Users\nerua\Documents\CDA\janadistribution\backend\node_modules\jest-circus\build\legacy-code-todo-rewrite\jestAdapterInit.js:122:21)
    at jestAdapter (C:\Users\nerua\Documents\CDA\janadistribution\backend\node_modules\jest-circus\build\legacy-code-todo-rewrite\jestAdapter.js:79:19)
    at runTestInternal (C:\Users\nerua\Documents\CDA\janadistribution\backend\node_modules\jest-runner\build\runTest.js:367:16)
    at runTest (C:\Users\nerua\Documents\CDA\janadistribution\backend\node_modules\jest-runner\build\runTest.js:444:34)</failure>
    </testcase>
    <testcase classname="Product Routes - Integration Tests DELETE /api/products/:id devrait retourner 404 si le produit n&apos;existe pas" name="Product Routes - Integration Tests DELETE /api/products/:id devrait retourner 404 si le produit n&apos;existe pas" time="0">
      <failure>TypeError: app.use() requires a middleware function
    at Function.use (C:\Users\nerua\Documents\CDA\janadistribution\backend\node_modules\express\lib\application.js:217:11)
    at use (C:\Users\nerua\Documents\CDA\janadistribution\backend\tests\integration\product.routes.test.js:31:7)
    at Object.createTestApp (C:\Users\nerua\Documents\CDA\janadistribution\backend\tests\integration\product.routes.test.js:39:11)
    at Promise.then.completed (C:\Users\nerua\Documents\CDA\janadistribution\backend\node_modules\jest-circus\build\utils.js:298:28)
    at new Promise (&lt;anonymous&gt;)
    at callAsyncCircusFn (C:\Users\nerua\Documents\CDA\janadistribution\backend\node_modules\jest-circus\build\utils.js:231:10)
    at _callCircusHook (C:\Users\nerua\Documents\CDA\janadistribution\backend\node_modules\jest-circus\build\run.js:281:40)
    at processTicksAndRejections (node:internal/process/task_queues:105:5)
    at _runTestsForDescribeBlock (C:\Users\nerua\Documents\CDA\janadistribution\backend\node_modules\jest-circus\build\run.js:95:7)
    at _runTestsForDescribeBlock (C:\Users\nerua\Documents\CDA\janadistribution\backend\node_modules\jest-circus\build\run.js:121:9)
    at run (C:\Users\nerua\Documents\CDA\janadistribution\backend\node_modules\jest-circus\build\run.js:71:3)
    at runAndTransformResultsToJestFormat (C:\Users\nerua\Documents\CDA\janadistribution\backend\node_modules\jest-circus\build\legacy-code-todo-rewrite\jestAdapterInit.js:122:21)
    at jestAdapter (C:\Users\nerua\Documents\CDA\janadistribution\backend\node_modules\jest-circus\build\legacy-code-todo-rewrite\jestAdapter.js:79:19)
    at runTestInternal (C:\Users\nerua\Documents\CDA\janadistribution\backend\node_modules\jest-runner\build\runTest.js:367:16)
    at runTest (C:\Users\nerua\Documents\CDA\janadistribution\backend\node_modules\jest-runner\build\runTest.js:444:34)</failure>
    </testcase>
    <testcase classname="Product Routes - Integration Tests DELETE /api/products/:id devrait rejeter sans droits admin (403)" name="Product Routes - Integration Tests DELETE /api/products/:id devrait rejeter sans droits admin (403)" time="0">
      <failure>TypeError: app.use() requires a middleware function
    at Function.use (C:\Users\nerua\Documents\CDA\janadistribution\backend\node_modules\express\lib\application.js:217:11)
    at use (C:\Users\nerua\Documents\CDA\janadistribution\backend\tests\integration\product.routes.test.js:31:7)
    at Object.createTestApp (C:\Users\nerua\Documents\CDA\janadistribution\backend\tests\integration\product.routes.test.js:39:11)
    at Promise.then.completed (C:\Users\nerua\Documents\CDA\janadistribution\backend\node_modules\jest-circus\build\utils.js:298:28)
    at new Promise (&lt;anonymous&gt;)
    at callAsyncCircusFn (C:\Users\nerua\Documents\CDA\janadistribution\backend\node_modules\jest-circus\build\utils.js:231:10)
    at _callCircusHook (C:\Users\nerua\Documents\CDA\janadistribution\backend\node_modules\jest-circus\build\run.js:281:40)
    at processTicksAndRejections (node:internal/process/task_queues:105:5)
    at _runTestsForDescribeBlock (C:\Users\nerua\Documents\CDA\janadistribution\backend\node_modules\jest-circus\build\run.js:95:7)
    at _runTestsForDescribeBlock (C:\Users\nerua\Documents\CDA\janadistribution\backend\node_modules\jest-circus\build\run.js:121:9)
    at run (C:\Users\nerua\Documents\CDA\janadistribution\backend\node_modules\jest-circus\build\run.js:71:3)
    at runAndTransformResultsToJestFormat (C:\Users\nerua\Documents\CDA\janadistribution\backend\node_modules\jest-circus\build\legacy-code-todo-rewrite\jestAdapterInit.js:122:21)
    at jestAdapter (C:\Users\nerua\Documents\CDA\janadistribution\backend\node_modules\jest-circus\build\legacy-code-todo-rewrite\jestAdapter.js:79:19)
    at runTestInternal (C:\Users\nerua\Documents\CDA\janadistribution\backend\node_modules\jest-runner\build\runTest.js:367:16)
    at runTest (C:\Users\nerua\Documents\CDA\janadistribution\backend\node_modules\jest-runner\build\runTest.js:444:34)</failure>
    </testcase>
    <testcase classname="Product Routes - Integration Tests PATCH /api/products/:id/stock devrait mettre à jour le stock (200)" name="Product Routes - Integration Tests PATCH /api/products/:id/stock devrait mettre à jour le stock (200)" time="0">
      <failure>TypeError: app.use() requires a middleware function
    at Function.use (C:\Users\nerua\Documents\CDA\janadistribution\backend\node_modules\express\lib\application.js:217:11)
    at use (C:\Users\nerua\Documents\CDA\janadistribution\backend\tests\integration\product.routes.test.js:31:7)
    at Object.createTestApp (C:\Users\nerua\Documents\CDA\janadistribution\backend\tests\integration\product.routes.test.js:39:11)
    at Promise.then.completed (C:\Users\nerua\Documents\CDA\janadistribution\backend\node_modules\jest-circus\build\utils.js:298:28)
    at new Promise (&lt;anonymous&gt;)
    at callAsyncCircusFn (C:\Users\nerua\Documents\CDA\janadistribution\backend\node_modules\jest-circus\build\utils.js:231:10)
    at _callCircusHook (C:\Users\nerua\Documents\CDA\janadistribution\backend\node_modules\jest-circus\build\run.js:281:40)
    at processTicksAndRejections (node:internal/process/task_queues:105:5)
    at _runTestsForDescribeBlock (C:\Users\nerua\Documents\CDA\janadistribution\backend\node_modules\jest-circus\build\run.js:95:7)
    at _runTestsForDescribeBlock (C:\Users\nerua\Documents\CDA\janadistribution\backend\node_modules\jest-circus\build\run.js:121:9)
    at run (C:\Users\nerua\Documents\CDA\janadistribution\backend\node_modules\jest-circus\build\run.js:71:3)
    at runAndTransformResultsToJestFormat (C:\Users\nerua\Documents\CDA\janadistribution\backend\node_modules\jest-circus\build\legacy-code-todo-rewrite\jestAdapterInit.js:122:21)
    at jestAdapter (C:\Users\nerua\Documents\CDA\janadistribution\backend\node_modules\jest-circus\build\legacy-code-todo-rewrite\jestAdapter.js:79:19)
    at runTestInternal (C:\Users\nerua\Documents\CDA\janadistribution\backend\node_modules\jest-runner\build\runTest.js:367:16)
    at runTest (C:\Users\nerua\Documents\CDA\janadistribution\backend\node_modules\jest-runner\build\runTest.js:444:34)</failure>
    </testcase>
    <testcase classname="Product Routes - Integration Tests PATCH /api/products/:id/stock devrait supporter les opérations add/subtract" name="Product Routes - Integration Tests PATCH /api/products/:id/stock devrait supporter les opérations add/subtract" time="0.001">
      <failure>TypeError: app.use() requires a middleware function
    at Function.use (C:\Users\nerua\Documents\CDA\janadistribution\backend\node_modules\express\lib\application.js:217:11)
    at use (C:\Users\nerua\Documents\CDA\janadistribution\backend\tests\integration\product.routes.test.js:31:7)
    at Object.createTestApp (C:\Users\nerua\Documents\CDA\janadistribution\backend\tests\integration\product.routes.test.js:39:11)
    at Promise.then.completed (C:\Users\nerua\Documents\CDA\janadistribution\backend\node_modules\jest-circus\build\utils.js:298:28)
    at new Promise (&lt;anonymous&gt;)
    at callAsyncCircusFn (C:\Users\nerua\Documents\CDA\janadistribution\backend\node_modules\jest-circus\build\utils.js:231:10)
    at _callCircusHook (C:\Users\nerua\Documents\CDA\janadistribution\backend\node_modules\jest-circus\build\run.js:281:40)
    at processTicksAndRejections (node:internal/process/task_queues:105:5)
    at _runTestsForDescribeBlock (C:\Users\nerua\Documents\CDA\janadistribution\backend\node_modules\jest-circus\build\run.js:95:7)
    at _runTestsForDescribeBlock (C:\Users\nerua\Documents\CDA\janadistribution\backend\node_modules\jest-circus\build\run.js:121:9)
    at run (C:\Users\nerua\Documents\CDA\janadistribution\backend\node_modules\jest-circus\build\run.js:71:3)
    at runAndTransformResultsToJestFormat (C:\Users\nerua\Documents\CDA\janadistribution\backend\node_modules\jest-circus\build\legacy-code-todo-rewrite\jestAdapterInit.js:122:21)
    at jestAdapter (C:\Users\nerua\Documents\CDA\janadistribution\backend\node_modules\jest-circus\build\legacy-code-todo-rewrite\jestAdapter.js:79:19)
    at runTestInternal (C:\Users\nerua\Documents\CDA\janadistribution\backend\node_modules\jest-runner\build\runTest.js:367:16)
    at runTest (C:\Users\nerua\Documents\CDA\janadistribution\backend\node_modules\jest-runner\build\runTest.js:444:34)</failure>
    </testcase>
    <testcase classname="Product Routes - Integration Tests PATCH /api/products/:id/stock devrait rejeter une quantité négative avec set (400)" name="Product Routes - Integration Tests PATCH /api/products/:id/stock devrait rejeter une quantité négative avec set (400)" time="0">
      <failure>TypeError: app.use() requires a middleware function
    at Function.use (C:\Users\nerua\Documents\CDA\janadistribution\backend\node_modules\express\lib\application.js:217:11)
    at use (C:\Users\nerua\Documents\CDA\janadistribution\backend\tests\integration\product.routes.test.js:31:7)
    at Object.createTestApp (C:\Users\nerua\Documents\CDA\janadistribution\backend\tests\integration\product.routes.test.js:39:11)
    at Promise.then.completed (C:\Users\nerua\Documents\CDA\janadistribution\backend\node_modules\jest-circus\build\utils.js:298:28)
    at new Promise (&lt;anonymous&gt;)
    at callAsyncCircusFn (C:\Users\nerua\Documents\CDA\janadistribution\backend\node_modules\jest-circus\build\utils.js:231:10)
    at _callCircusHook (C:\Users\nerua\Documents\CDA\janadistribution\backend\node_modules\jest-circus\build\run.js:281:40)
    at processTicksAndRejections (node:internal/process/task_queues:105:5)
    at _runTestsForDescribeBlock (C:\Users\nerua\Documents\CDA\janadistribution\backend\node_modules\jest-circus\build\run.js:95:7)
    at _runTestsForDescribeBlock (C:\Users\nerua\Documents\CDA\janadistribution\backend\node_modules\jest-circus\build\run.js:121:9)
    at run (C:\Users\nerua\Documents\CDA\janadistribution\backend\node_modules\jest-circus\build\run.js:71:3)
    at runAndTransformResultsToJestFormat (C:\Users\nerua\Documents\CDA\janadistribution\backend\node_modules\jest-circus\build\legacy-code-todo-rewrite\jestAdapterInit.js:122:21)
    at jestAdapter (C:\Users\nerua\Documents\CDA\janadistribution\backend\node_modules\jest-circus\build\legacy-code-todo-rewrite\jestAdapter.js:79:19)
    at runTestInternal (C:\Users\nerua\Documents\CDA\janadistribution\backend\node_modules\jest-runner\build\runTest.js:367:16)
    at runTest (C:\Users\nerua\Documents\CDA\janadistribution\backend\node_modules\jest-runner\build\runTest.js:444:34)</failure>
    </testcase>
    <testcase classname="Product Routes - Integration Tests Gestion des erreurs devrait gérer les erreurs serveur (500)" name="Product Routes - Integration Tests Gestion des erreurs devrait gérer les erreurs serveur (500)" time="0.001">
      <failure>TypeError: app.use() requires a middleware function
    at Function.use (C:\Users\nerua\Documents\CDA\janadistribution\backend\node_modules\express\lib\application.js:217:11)
    at use (C:\Users\nerua\Documents\CDA\janadistribution\backend\tests\integration\product.routes.test.js:31:7)
    at Object.createTestApp (C:\Users\nerua\Documents\CDA\janadistribution\backend\tests\integration\product.routes.test.js:39:11)
    at Promise.then.completed (C:\Users\nerua\Documents\CDA\janadistribution\backend\node_modules\jest-circus\build\utils.js:298:28)
    at new Promise (&lt;anonymous&gt;)
    at callAsyncCircusFn (C:\Users\nerua\Documents\CDA\janadistribution\backend\node_modules\jest-circus\build\utils.js:231:10)
    at _callCircusHook (C:\Users\nerua\Documents\CDA\janadistribution\backend\node_modules\jest-circus\build\run.js:281:40)
    at processTicksAndRejections (node:internal/process/task_queues:105:5)
    at _runTestsForDescribeBlock (C:\Users\nerua\Documents\CDA\janadistribution\backend\node_modules\jest-circus\build\run.js:95:7)
    at _runTestsForDescribeBlock (C:\Users\nerua\Documents\CDA\janadistribution\backend\node_modules\jest-circus\build\run.js:121:9)
    at run (C:\Users\nerua\Documents\CDA\janadistribution\backend\node_modules\jest-circus\build\run.js:71:3)
    at runAndTransformResultsToJestFormat (C:\Users\nerua\Documents\CDA\janadistribution\backend\node_modules\jest-circus\build\legacy-code-todo-rewrite\jestAdapterInit.js:122:21)
    at jestAdapter (C:\Users\nerua\Documents\CDA\janadistribution\backend\node_modules\jest-circus\build\legacy-code-todo-rewrite\jestAdapter.js:79:19)
    at runTestInternal (C:\Users\nerua\Documents\CDA\janadistribution\backend\node_modules\jest-runner\build\runTest.js:367:16)
    at runTest (C:\Users\nerua\Documents\CDA\janadistribution\backend\node_modules\jest-runner\build\runTest.js:444:34)</failure>
    </testcase>
    <testcase classname="Product Routes - Integration Tests Gestion des erreurs devrait gérer les références en doublon (409)" name="Product Routes - Integration Tests Gestion des erreurs devrait gérer les références en doublon (409)" time="0">
      <failure>TypeError: app.use() requires a middleware function
    at Function.use (C:\Users\nerua\Documents\CDA\janadistribution\backend\node_modules\express\lib\application.js:217:11)
    at use (C:\Users\nerua\Documents\CDA\janadistribution\backend\tests\integration\product.routes.test.js:31:7)
    at Object.createTestApp (C:\Users\nerua\Documents\CDA\janadistribution\backend\tests\integration\product.routes.test.js:39:11)
    at Promise.then.completed (C:\Users\nerua\Documents\CDA\janadistribution\backend\node_modules\jest-circus\build\utils.js:298:28)
    at new Promise (&lt;anonymous&gt;)
    at callAsyncCircusFn (C:\Users\nerua\Documents\CDA\janadistribution\backend\node_modules\jest-circus\build\utils.js:231:10)
    at _callCircusHook (C:\Users\nerua\Documents\CDA\janadistribution\backend\node_modules\jest-circus\build\run.js:281:40)
    at processTicksAndRejections (node:internal/process/task_queues:105:5)
    at _runTestsForDescribeBlock (C:\Users\nerua\Documents\CDA\janadistribution\backend\node_modules\jest-circus\build\run.js:95:7)
    at _runTestsForDescribeBlock (C:\Users\nerua\Documents\CDA\janadistribution\backend\node_modules\jest-circus\build\run.js:121:9)
    at run (C:\Users\nerua\Documents\CDA\janadistribution\backend\node_modules\jest-circus\build\run.js:71:3)
    at runAndTransformResultsToJestFormat (C:\Users\nerua\Documents\CDA\janadistribution\backend\node_modules\jest-circus\build\legacy-code-todo-rewrite\jestAdapterInit.js:122:21)
    at jestAdapter (C:\Users\nerua\Documents\CDA\janadistribution\backend\node_modules\jest-circus\build\legacy-code-todo-rewrite\jestAdapter.js:79:19)
    at runTestInternal (C:\Users\nerua\Documents\CDA\janadistribution\backend\node_modules\jest-runner\build\runTest.js:367:16)
    at runTest (C:\Users\nerua\Documents\CDA\janadistribution\backend\node_modules\jest-runner\build\runTest.js:444:34)</failure>
    </testcase>
  </testsuite>
  <testsuite name="ProductService" errors="0" failures="1" skipped="0" timestamp="2025-12-31T02:28:47" time="0.12" tests="33">
    <testcase classname="ProductService getProducts() devrait retourner la liste des produits avec pagination" name="ProductService getProducts() devrait retourner la liste des produits avec pagination" time="0.002">
    </testcase>
    <testcase classname="ProductService getProducts() devrait utiliser les valeurs par défaut si non spécifiées" name="ProductService getProducts() devrait utiliser les valeurs par défaut si non spécifiées" time="0.001">
    </testcase>
    <testcase classname="ProductService getProducts() devrait filtrer par catégorie" name="ProductService getProducts() devrait filtrer par catégorie" time="0.001">
    </testcase>
    <testcase classname="ProductService getProducts() devrait filtrer par prix min/max" name="ProductService getProducts() devrait filtrer par prix min/max" time="0.001">
    </testcase>
    <testcase classname="ProductService getProducts() devrait filtrer par recherche textuelle" name="ProductService getProducts() devrait filtrer par recherche textuelle" time="0.001">
    </testcase>
    <testcase classname="ProductService getProducts() devrait filtrer par disponibilité en stock" name="ProductService getProducts() devrait filtrer par disponibilité en stock" time="0.001">
    </testcase>
    <testcase classname="ProductService getProductById() devrait retourner un produit par son ID" name="ProductService getProductById() devrait retourner un produit par son ID" time="0.004">
    </testcase>
    <testcase classname="ProductService getProductById() devrait retourner null si le produit n&apos;existe pas" name="ProductService getProductById() devrait retourner null si le produit n&apos;existe pas" time="0.001">
    </testcase>
    <testcase classname="ProductService getProductBySlug() devrait retourner un produit par son slug" name="ProductService getProductBySlug() devrait retourner un produit par son slug" time="0.001">
    </testcase>
    <testcase classname="ProductService getProductBySlug() devrait retourner null si le slug n&apos;existe pas" name="ProductService getProductBySlug() devrait retourner null si le slug n&apos;existe pas" time="0.001">
    </testcase>
    <testcase classname="ProductService getPromos() devrait retourner les produits en promotion" name="ProductService getPromos() devrait retourner les produits en promotion" time="0.001">
    </testcase>
    <testcase classname="ProductService getNewProducts() devrait retourner les nouveaux produits" name="ProductService getNewProducts() devrait retourner les nouveaux produits" time="0.001">
    </testcase>
    <testcase classname="ProductService getNewProducts() devrait utiliser les valeurs par défaut" name="ProductService getNewProducts() devrait utiliser les valeurs par défaut" time="0.001">
    </testcase>
    <testcase classname="ProductService getFeaturedProducts() devrait retourner les produits mis en avant" name="ProductService getFeaturedProducts() devrait retourner les produits mis en avant" time="0.002">
      <failure>TypeError: Cannot read properties of undefined (reading &apos;mockResolvedValue&apos;)
    at Object.mockResolvedValue (C:\Users\nerua\Documents\CDA\janadistribution\backend\tests\unit\product.service.test.js:274:38)
    at Promise.then.completed (C:\Users\nerua\Documents\CDA\janadistribution\backend\node_modules\jest-circus\build\utils.js:298:28)
    at new Promise (&lt;anonymous&gt;)
    at callAsyncCircusFn (C:\Users\nerua\Documents\CDA\janadistribution\backend\node_modules\jest-circus\build\utils.js:231:10)
    at _callCircusTest (C:\Users\nerua\Documents\CDA\janadistribution\backend\node_modules\jest-circus\build\run.js:316:40)
    at _runTest (C:\Users\nerua\Documents\CDA\janadistribution\backend\node_modules\jest-circus\build\run.js:252:3)
    at _runTestsForDescribeBlock (C:\Users\nerua\Documents\CDA\janadistribution\backend\node_modules\jest-circus\build\run.js:126:9)
    at _runTestsForDescribeBlock (C:\Users\nerua\Documents\CDA\janadistribution\backend\node_modules\jest-circus\build\run.js:121:9)
    at _runTestsForDescribeBlock (C:\Users\nerua\Documents\CDA\janadistribution\backend\node_modules\jest-circus\build\run.js:121:9)
    at run (C:\Users\nerua\Documents\CDA\janadistribution\backend\node_modules\jest-circus\build\run.js:71:3)
    at runAndTransformResultsToJestFormat (C:\Users\nerua\Documents\CDA\janadistribution\backend\node_modules\jest-circus\build\legacy-code-todo-rewrite\jestAdapterInit.js:122:21)
    at jestAdapter (C:\Users\nerua\Documents\CDA\janadistribution\backend\node_modules\jest-circus\build\legacy-code-todo-rewrite\jestAdapter.js:79:19)
    at runTestInternal (C:\Users\nerua\Documents\CDA\janadistribution\backend\node_modules\jest-runner\build\runTest.js:367:16)
    at runTest (C:\Users\nerua\Documents\CDA\janadistribution\backend\node_modules\jest-runner\build\runTest.js:444:34)</failure>
    </testcase>
    <testcase classname="ProductService createProduct() devrait créer un produit avec succès" name="ProductService createProduct() devrait créer un produit avec succès" time="0.001">
    </testcase>
    <testcase classname="ProductService createProduct() devrait rejeter si la catégorie n&apos;existe pas" name="ProductService createProduct() devrait rejeter si la catégorie n&apos;existe pas" time="0.004">
    </testcase>
    <testcase classname="ProductService createProduct() devrait rejeter si la référence existe déjà" name="ProductService createProduct() devrait rejeter si la référence existe déjà" time="0.001">
    </testcase>
    <testcase classname="ProductService createProduct() devrait générer automatiquement le slug si non fourni" name="ProductService createProduct() devrait générer automatiquement le slug si non fourni" time="0.001">
    </testcase>
    <testcase classname="ProductService updateProduct() devrait mettre à jour un produit avec succès" name="ProductService updateProduct() devrait mettre à jour un produit avec succès" time="0.003">
    </testcase>
    <testcase classname="ProductService updateProduct() devrait retourner null si le produit n&apos;existe pas" name="ProductService updateProduct() devrait retourner null si le produit n&apos;existe pas" time="0.001">
    </testcase>
    <testcase classname="ProductService updateProduct() devrait vérifier la catégorie si elle est modifiée" name="ProductService updateProduct() devrait vérifier la catégorie si elle est modifiée" time="0.001">
    </testcase>
    <testcase classname="ProductService updateProduct() devrait vérifier l&apos;unicité de la référence si modifiée" name="ProductService updateProduct() devrait vérifier l&apos;unicité de la référence si modifiée" time="0.001">
    </testcase>
    <testcase classname="ProductService updateProduct() devrait régénérer le slug si le nom change" name="ProductService updateProduct() devrait régénérer le slug si le nom change" time="0">
    </testcase>
    <testcase classname="ProductService deleteProduct() devrait désactiver (soft delete) un produit" name="ProductService deleteProduct() devrait désactiver (soft delete) un produit" time="0.001">
    </testcase>
    <testcase classname="ProductService deleteProduct() devrait retourner null si le produit n&apos;existe pas" name="ProductService deleteProduct() devrait retourner null si le produit n&apos;existe pas" time="0.001">
    </testcase>
    <testcase classname="ProductService updateStock() devrait mettre à jour le stock avec l&apos;opération set" name="ProductService updateStock() devrait mettre à jour le stock avec l&apos;opération set" time="0.001">
    </testcase>
    <testcase classname="ProductService updateStock() devrait détecter un stock faible" name="ProductService updateStock() devrait détecter un stock faible" time="0.001">
    </testcase>
    <testcase classname="ProductService generateSlug() devrait convertir en minuscules" name="ProductService generateSlug() devrait convertir en minuscules" time="0.001">
    </testcase>
    <testcase classname="ProductService generateSlug() devrait remplacer les espaces par des tirets" name="ProductService generateSlug() devrait remplacer les espaces par des tirets" time="0.001">
    </testcase>
    <testcase classname="ProductService generateSlug() devrait supprimer les accents" name="ProductService generateSlug() devrait supprimer les accents" time="0.001">
    </testcase>
    <testcase classname="ProductService generateSlug() devrait supprimer les caractères spéciaux" name="ProductService generateSlug() devrait supprimer les caractères spéciaux" time="0">
    </testcase>
    <testcase classname="ProductService generateSlug() devrait supprimer les tirets multiples" name="ProductService generateSlug() devrait supprimer les tirets multiples" time="0">
    </testcase>
    <testcase classname="ProductService generateSlug() devrait supprimer les tirets en début et fin" name="ProductService generateSlug() devrait supprimer les tirets en début et fin" time="0.001">
    </testcase>
  </testsuite>
  <testsuite name="CartService" errors="0" failures="26" skipped="0" timestamp="2025-12-31T02:28:47" time="0.279" tests="27">
    <testcase classname="CartService getCart() devrait retourner le panier d&apos;un utilisateur connecté" name="CartService getCart() devrait retourner le panier d&apos;un utilisateur connecté" time="0.001">
      <failure>TypeError: Cannot read properties of undefined (reading &apos;mockResolvedValue&apos;)
    at Object.mockResolvedValue (C:\Users\nerua\Documents\CDA\janadistribution\backend\tests\unit\cart.service.test.js:58:35)
    at Promise.then.completed (C:\Users\nerua\Documents\CDA\janadistribution\backend\node_modules\jest-circus\build\utils.js:298:28)
    at new Promise (&lt;anonymous&gt;)
    at callAsyncCircusFn (C:\Users\nerua\Documents\CDA\janadistribution\backend\node_modules\jest-circus\build\utils.js:231:10)
    at _callCircusTest (C:\Users\nerua\Documents\CDA\janadistribution\backend\node_modules\jest-circus\build\run.js:316:40)
    at _runTest (C:\Users\nerua\Documents\CDA\janadistribution\backend\node_modules\jest-circus\build\run.js:252:3)
    at _runTestsForDescribeBlock (C:\Users\nerua\Documents\CDA\janadistribution\backend\node_modules\jest-circus\build\run.js:126:9)
    at _runTestsForDescribeBlock (C:\Users\nerua\Documents\CDA\janadistribution\backend\node_modules\jest-circus\build\run.js:121:9)
    at _runTestsForDescribeBlock (C:\Users\nerua\Documents\CDA\janadistribution\backend\node_modules\jest-circus\build\run.js:121:9)
    at run (C:\Users\nerua\Documents\CDA\janadistribution\backend\node_modules\jest-circus\build\run.js:71:3)
    at runAndTransformResultsToJestFormat (C:\Users\nerua\Documents\CDA\janadistribution\backend\node_modules\jest-circus\build\legacy-code-todo-rewrite\jestAdapterInit.js:122:21)
    at jestAdapter (C:\Users\nerua\Documents\CDA\janadistribution\backend\node_modules\jest-circus\build\legacy-code-todo-rewrite\jestAdapter.js:79:19)
    at runTestInternal (C:\Users\nerua\Documents\CDA\janadistribution\backend\node_modules\jest-runner\build\runTest.js:367:16)
    at runTest (C:\Users\nerua\Documents\CDA\janadistribution\backend\node_modules\jest-runner\build\runTest.js:444:34)</failure>
    </testcase>
    <testcase classname="CartService getCart() devrait retourner le panier par session pour un visiteur" name="CartService getCart() devrait retourner le panier par session pour un visiteur" time="0.001">
      <failure>TypeError: Cannot read properties of undefined (reading &apos;mockResolvedValue&apos;)
    at Object.mockResolvedValue (C:\Users\nerua\Documents\CDA\janadistribution\backend\tests\unit\cart.service.test.js:72:38)
    at Promise.then.completed (C:\Users\nerua\Documents\CDA\janadistribution\backend\node_modules\jest-circus\build\utils.js:298:28)
    at new Promise (&lt;anonymous&gt;)
    at callAsyncCircusFn (C:\Users\nerua\Documents\CDA\janadistribution\backend\node_modules\jest-circus\build\utils.js:231:10)
    at _callCircusTest (C:\Users\nerua\Documents\CDA\janadistribution\backend\node_modules\jest-circus\build\run.js:316:40)
    at _runTest (C:\Users\nerua\Documents\CDA\janadistribution\backend\node_modules\jest-circus\build\run.js:252:3)
    at _runTestsForDescribeBlock (C:\Users\nerua\Documents\CDA\janadistribution\backend\node_modules\jest-circus\build\run.js:126:9)
    at _runTestsForDescribeBlock (C:\Users\nerua\Documents\CDA\janadistribution\backend\node_modules\jest-circus\build\run.js:121:9)
    at _runTestsForDescribeBlock (C:\Users\nerua\Documents\CDA\janadistribution\backend\node_modules\jest-circus\build\run.js:121:9)
    at run (C:\Users\nerua\Documents\CDA\janadistribution\backend\node_modules\jest-circus\build\run.js:71:3)
[...]
    at callAsyncCircusFn (C:\Users\nerua\Documents\CDA\janadistribution\backend\node_modules\jest-circus\build\utils.js:231:10)
    at _callCircusHook (C:\Users\nerua\Documents\CDA\janadistribution\backend\node_modules\jest-circus\build\run.js:281:40)
    at _runTestsForDescribeBlock (C:\Users\nerua\Documents\CDA\janadistribution\backend\node_modules\jest-circus\build\run.js:95:7)
    at _runTestsForDescribeBlock (C:\Users\nerua\Documents\CDA\janadistribution\backend\node_modules\jest-circus\build\run.js:121:9)
    at run (C:\Users\nerua\Documents\CDA\janadistribution\backend\node_modules\jest-circus\build\run.js:71:3)
    at runAndTransformResultsToJestFormat (C:\Users\nerua\Documents\CDA\janadistribution\backend\node_modules\jest-circus\build\legacy-code-todo-rewrite\jestAdapterInit.js:122:21)
    at jestAdapter (C:\Users\nerua\Documents\CDA\janadistribution\backend\node_modules\jest-circus\build\legacy-code-todo-rewrite\jestAdapter.js:79:19)
    at runTestInternal (C:\Users\nerua\Documents\CDA\janadistribution\backend\node_modules\jest-runner\build\runTest.js:367:16)
    at runTest (C:\Users\nerua\Documents\CDA\janadistribution\backend\node_modules\jest-runner\build\runTest.js:444:34)</failure>
    </testcase>
    <testcase classname="Auth Routes - Integration Tests GET /api/auth/me devrait rejeter avec un token expiré (401)" name="Auth Routes - Integration Tests GET /api/auth/me devrait rejeter avec un token expiré (401)" time="0">
      <failure>TypeError: app.use() requires a middleware function
    at Function.use (C:\Users\nerua\Documents\CDA\janadistribution\backend\node_modules\express\lib\application.js:217:11)
    at use (C:\Users\nerua\Documents\CDA\janadistribution\backend\tests\integration\auth.routes.test.js:30:7)
    at Object.createTestApp (C:\Users\nerua\Documents\CDA\janadistribution\backend\tests\integration\auth.routes.test.js:38:11)
    at Promise.then.completed (C:\Users\nerua\Documents\CDA\janadistribution\backend\node_modules\jest-circus\build\utils.js:298:28)
    at new Promise (&lt;anonymous&gt;)
    at callAsyncCircusFn (C:\Users\nerua\Documents\CDA\janadistribution\backend\node_modules\jest-circus\build\utils.js:231:10)
    at _callCircusHook (C:\Users\nerua\Documents\CDA\janadistribution\backend\node_modules\jest-circus\build\run.js:281:40)
    at _runTestsForDescribeBlock (C:\Users\nerua\Documents\CDA\janadistribution\backend\node_modules\jest-circus\build\run.js:95:7)
    at _runTestsForDescribeBlock (C:\Users\nerua\Documents\CDA\janadistribution\backend\node_modules\jest-circus\build\run.js:121:9)
    at run (C:\Users\nerua\Documents\CDA\janadistribution\backend\node_modules\jest-circus\build\run.js:71:3)
    at runAndTransformResultsToJestFormat (C:\Users\nerua\Documents\CDA\janadistribution\backend\node_modules\jest-circus\build\legacy-code-todo-rewrite\jestAdapterInit.js:122:21)
    at jestAdapter (C:\Users\nerua\Documents\CDA\janadistribution\backend\node_modules\jest-circus\build\legacy-code-todo-rewrite\jestAdapter.js:79:19)
    at runTestInternal (C:\Users\nerua\Documents\CDA\janadistribution\backend\node_modules\jest-runner\build\runTest.js:367:16)
    at runTest (C:\Users\nerua\Documents\CDA\janadistribution\backend\node_modules\jest-runner\build\runTest.js:444:34)</failure>
    </testcase>
    <testcase classname="Auth Routes - Integration Tests PUT /api/auth/profile devrait mettre à jour le profil (200)" name="Auth Routes - Integration Tests PUT /api/auth/profile devrait mettre à jour le profil (200)" time="0">
      <failure>TypeError: app.use() requires a middleware function
    at Function.use (C:\Users\nerua\Documents\CDA\janadistribution\backend\node_modules\express\lib\application.js:217:11)
    at use (C:\Users\nerua\Documents\CDA\janadistribution\backend\tests\integration\auth.routes.test.js:30:7)
    at Object.createTestApp (C:\Users\nerua\Documents\CDA\janadistribution\backend\tests\integration\auth.routes.test.js:38:11)
    at Promise.then.completed (C:\Users\nerua\Documents\CDA\janadistribution\backend\node_modules\jest-circus\build\utils.js:298:28)
    at new Promise (&lt;anonymous&gt;)
    at callAsyncCircusFn (C:\Users\nerua\Documents\CDA\janadistribution\backend\node_modules\jest-circus\build\utils.js:231:10)
    at _callCircusHook (C:\Users\nerua\Documents\CDA\janadistribution\backend\node_modules\jest-circus\build\run.js:281:40)
    at _runTestsForDescribeBlock (C:\Users\nerua\Documents\CDA\janadistribution\backend\node_modules\jest-circus\build\run.js:95:7)
    at _runTestsForDescribeBlock (C:\Users\nerua\Documents\CDA\janadistribution\backend\node_modules\jest-circus\build\run.js:121:9)
    at run (C:\Users\nerua\Documents\CDA\janadistribution\backend\node_modules\jest-circus\build\run.js:71:3)
    at runAndTransformResultsToJestFormat (C:\Users\nerua\Documents\CDA\janadistribution\backend\node_modules\jest-circus\build\legacy-code-todo-rewrite\jestAdapterInit.js:122:21)
    at jestAdapter (C:\Users\nerua\Documents\CDA\janadistribution\backend\node_modules\jest-circus\build\legacy-code-todo-rewrite\jestAdapter.js:79:19)
    at runTestInternal (C:\Users\nerua\Documents\CDA\janadistribution\backend\node_modules\jest-runner\build\runTest.js:367:16)
    at runTest (C:\Users\nerua\Documents\CDA\janadistribution\backend\node_modules\jest-runner\build\runTest.js:444:34)</failure>
    </testcase>
    <testcase classname="Auth Routes - Integration Tests PUT /api/auth/profile devrait rejeter sans authentification (401)" name="Auth Routes - Integration Tests PUT /api/auth/profile devrait rejeter sans authentification (401)" time="0">
      <failure>TypeError: app.use() requires a middleware function
    at Function.use (C:\Users\nerua\Documents\CDA\janadistribution\backend\node_modules\express\lib\application.js:217:11)
    at use (C:\Users\nerua\Documents\CDA\janadistribution\backend\tests\integration\auth.routes.test.js:30:7)
    at Object.createTestApp (C:\Users\nerua\Documents\CDA\janadistribution\backend\tests\integration\auth.routes.test.js:38:11)
    at Promise.then.completed (C:\Users\nerua\Documents\CDA\janadistribution\backend\node_modules\jest-circus\build\utils.js:298:28)
    at new Promise (&lt;anonymous&gt;)
    at callAsyncCircusFn (C:\Users\nerua\Documents\CDA\janadistribution\backend\node_modules\jest-circus\build\utils.js:231:10)
    at _callCircusHook (C:\Users\nerua\Documents\CDA\janadistribution\backend\node_modules\jest-circus\build\run.js:281:40)
    at _runTestsForDescribeBlock (C:\Users\nerua\Documents\CDA\janadistribution\backend\node_modules\jest-circus\build\run.js:95:7)
    at _runTestsForDescribeBlock (C:\Users\nerua\Documents\CDA\janadistribution\backend\node_modules\jest-circus\build\run.js:121:9)
    at run (C:\Users\nerua\Documents\CDA\janadistribution\backend\node_modules\jest-circus\build\run.js:71:3)
    at runAndTransformResultsToJestFormat (C:\Users\nerua\Documents\CDA\janadistribution\backend\node_modules\jest-circus\build\legacy-code-todo-rewrite\jestAdapterInit.js:122:21)
    at jestAdapter (C:\Users\nerua\Documents\CDA\janadistribution\backend\node_modules\jest-circus\build\legacy-code-todo-rewrite\jestAdapter.js:79:19)
    at runTestInternal (C:\Users\nerua\Documents\CDA\janadistribution\backend\node_modules\jest-runner\build\runTest.js:367:16)
    at runTest (C:\Users\nerua\Documents\CDA\janadistribution\backend\node_modules\jest-runner\build\runTest.js:444:34)</failure>
    </testcase>
    <testcase classname="Auth Routes - Integration Tests POST /api/auth/change-password devrait changer le mot de passe (200)" name="Auth Routes - Integration Tests POST /api/auth/change-password devrait changer le mot de passe (200)" time="0">
      <failure>TypeError: app.use() requires a middleware function
    at Function.use (C:\Users\nerua\Documents\CDA\janadistribution\backend\node_modules\express\lib\application.js:217:11)
    at use (C:\Users\nerua\Documents\CDA\janadistribution\backend\tests\integration\auth.routes.test.js:30:7)
    at Object.createTestApp (C:\Users\nerua\Documents\CDA\janadistribution\backend\tests\integration\auth.routes.test.js:38:11)
    at Promise.then.completed (C:\Users\nerua\Documents\CDA\janadistribution\backend\node_modules\jest-circus\build\utils.js:298:28)
    at new Promise (&lt;anonymous&gt;)
    at callAsyncCircusFn (C:\Users\nerua\Documents\CDA\janadistribution\backend\node_modules\jest-circus\build\utils.js:231:10)
    at _callCircusHook (C:\Users\nerua\Documents\CDA\janadistribution\backend\node_modules\jest-circus\build\run.js:281:40)
    at _runTestsForDescribeBlock (C:\Users\nerua\Documents\CDA\janadistribution\backend\node_modules\jest-circus\build\run.js:95:7)
    at _runTestsForDescribeBlock (C:\Users\nerua\Documents\CDA\janadistribution\backend\node_modules\jest-circus\build\run.js:121:9)
    at run (C:\Users\nerua\Documents\CDA\janadistribution\backend\node_modules\jest-circus\build\run.js:71:3)
    at runAndTransformResultsToJestFormat (C:\Users\nerua\Documents\CDA\janadistribution\backend\node_modules\jest-circus\build\legacy-code-todo-rewrite\jestAdapterInit.js:122:21)
    at jestAdapter (C:\Users\nerua\Documents\CDA\janadistribution\backend\node_modules\jest-circus\build\legacy-code-todo-rewrite\jestAdapter.js:79:19)
    at runTestInternal (C:\Users\nerua\Documents\CDA\janadistribution\backend\node_modules\jest-runner\build\runTest.js:367:16)
    at runTest (C:\Users\nerua\Documents\CDA\janadistribution\backend\node_modules\jest-runner\build\runTest.js:444:34)</failure>
    </testcase>
    <testcase classname="Auth Routes - Integration Tests POST /api/auth/change-password devrait rejeter si l&apos;ancien mot de passe est incorrect (400)" name="Auth Routes - Integration Tests POST /api/auth/change-password devrait rejeter si l&apos;ancien mot de passe est incorrect (400)" time="0.001">
      <failure>TypeError: app.use() requires a middleware function
    at Function.use (C:\Users\nerua\Documents\CDA\janadistribution\backend\node_modules\express\lib\application.js:217:11)
    at use (C:\Users\nerua\Documents\CDA\janadistribution\backend\tests\integration\auth.routes.test.js:30:7)
    at Object.createTestApp (C:\Users\nerua\Documents\CDA\janadistribution\backend\tests\integration\auth.routes.test.js:38:11)
    at Promise.then.completed (C:\Users\nerua\Documents\CDA\janadistribution\backend\node_modules\jest-circus\build\utils.js:298:28)
    at new Promise (&lt;anonymous&gt;)
    at callAsyncCircusFn (C:\Users\nerua\Documents\CDA\janadistribution\backend\node_modules\jest-circus\build\utils.js:231:10)
    at _callCircusHook (C:\Users\nerua\Documents\CDA\janadistribution\backend\node_modules\jest-circus\build\run.js:281:40)
    at _runTestsForDescribeBlock (C:\Users\nerua\Documents\CDA\janadistribution\backend\node_modules\jest-circus\build\run.js:95:7)
    at _runTestsForDescribeBlock (C:\Users\nerua\Documents\CDA\janadistribution\backend\node_modules\jest-circus\build\run.js:121:9)
    at run (C:\Users\nerua\Documents\CDA\janadistribution\backend\node_modules\jest-circus\build\run.js:71:3)
    at runAndTransformResultsToJestFormat (C:\Users\nerua\Documents\CDA\janadistribution\backend\node_modules\jest-circus\build\legacy-code-todo-rewrite\jestAdapterInit.js:122:21)
    at jestAdapter (C:\Users\nerua\Documents\CDA\janadistribution\backend\node_modules\jest-circus\build\legacy-code-todo-rewrite\jestAdapter.js:79:19)
    at runTestInternal (C:\Users\nerua\Documents\CDA\janadistribution\backend\node_modules\jest-runner\build\runTest.js:367:16)
    at runTest (C:\Users\nerua\Documents\CDA\janadistribution\backend\node_modules\jest-runner\build\runTest.js:444:34)</failure>
    </testcase>
    <testcase classname="Auth Routes - Integration Tests POST /api/auth/change-password devrait rejeter un nouveau mot de passe trop faible (400)" name="Auth Routes - Integration Tests POST /api/auth/change-password devrait rejeter un nouveau mot de passe trop faible (400)" time="0">
      <failure>TypeError: app.use() requires a middleware function
    at Function.use (C:\Users\nerua\Documents\CDA\janadistribution\backend\node_modules\express\lib\application.js:217:11)
    at use (C:\Users\nerua\Documents\CDA\janadistribution\backend\tests\integration\auth.routes.test.js:30:7)
    at Object.createTestApp (C:\Users\nerua\Documents\CDA\janadistribution\backend\tests\integration\auth.routes.test.js:38:11)
    at Promise.then.completed (C:\Users\nerua\Documents\CDA\janadistribution\backend\node_modules\jest-circus\build\utils.js:298:28)
    at new Promise (&lt;anonymous&gt;)
    at callAsyncCircusFn (C:\Users\nerua\Documents\CDA\janadistribution\backend\node_modules\jest-circus\build\utils.js:231:10)
    at _callCircusHook (C:\Users\nerua\Documents\CDA\janadistribution\backend\node_modules\jest-circus\build\run.js:281:40)
    at _runTestsForDescribeBlock (C:\Users\nerua\Documents\CDA\janadistribution\backend\node_modules\jest-circus\build\run.js:95:7)
    at _runTestsForDescribeBlock (C:\Users\nerua\Documents\CDA\janadistribution\backend\node_modules\jest-circus\build\run.js:121:9)
    at run (C:\Users\nerua\Documents\CDA\janadistribution\backend\node_modules\jest-circus\build\run.js:71:3)
    at runAndTransformResultsToJestFormat (C:\Users\nerua\Documents\CDA\janadistribution\backend\node_modules\jest-circus\build\legacy-code-todo-rewrite\jestAdapterInit.js:122:21)
    at jestAdapter (C:\Users\nerua\Documents\CDA\janadistribution\backend\node_modules\jest-circus\build\legacy-code-todo-rewrite\jestAdapter.js:79:19)
    at runTestInternal (C:\Users\nerua\Documents\CDA\janadistribution\backend\node_modules\jest-runner\build\runTest.js:367:16)
    at runTest (C:\Users\nerua\Documents\CDA\janadistribution\backend\node_modules\jest-runner\build\runTest.js:444:34)</failure>
    </testcase>
    <testcase classname="Auth Routes - Integration Tests POST /api/auth/logout devrait déconnecter l&apos;utilisateur (200)" name="Auth Routes - Integration Tests POST /api/auth/logout devrait déconnecter l&apos;utilisateur (200)" time="0">
      <failure>TypeError: app.use() requires a middleware function
    at Function.use (C:\Users\nerua\Documents\CDA\janadistribution\backend\node_modules\express\lib\application.js:217:11)
    at use (C:\Users\nerua\Documents\CDA\janadistribution\backend\tests\integration\auth.routes.test.js:30:7)
    at Object.createTestApp (C:\Users\nerua\Documents\CDA\janadistribution\backend\tests\integration\auth.routes.test.js:38:11)
    at Promise.then.completed (C:\Users\nerua\Documents\CDA\janadistribution\backend\node_modules\jest-circus\build\utils.js:298:28)
    at new Promise (&lt;anonymous&gt;)
    at callAsyncCircusFn (C:\Users\nerua\Documents\CDA\janadistribution\backend\node_modules\jest-circus\build\utils.js:231:10)
    at _callCircusHook (C:\Users\nerua\Documents\CDA\janadistribution\backend\node_modules\jest-circus\build\run.js:281:40)
    at _runTestsForDescribeBlock (C:\Users\nerua\Documents\CDA\janadistribution\backend\node_modules\jest-circus\build\run.js:95:7)
    at _runTestsForDescribeBlock (C:\Users\nerua\Documents\CDA\janadistribution\backend\node_modules\jest-circus\build\run.js:121:9)
    at run (C:\Users\nerua\Documents\CDA\janadistribution\backend\node_modules\jest-circus\build\run.js:71:3)
    at runAndTransformResultsToJestFormat (C:\Users\nerua\Documents\CDA\janadistribution\backend\node_modules\jest-circus\build\legacy-code-todo-rewrite\jestAdapterInit.js:122:21)
    at jestAdapter (C:\Users\nerua\Documents\CDA\janadistribution\backend\node_modules\jest-circus\build\legacy-code-todo-rewrite\jestAdapter.js:79:19)
    at runTestInternal (C:\Users\nerua\Documents\CDA\janadistribution\backend\node_modules\jest-runner\build\runTest.js:367:16)
    at runTest (C:\Users\nerua\Documents\CDA\janadistribution\backend\node_modules\jest-runner\build\runTest.js:444:34)</failure>
    </testcase>
    <testcase classname="Auth Routes - Integration Tests Sécurité devrait gérer les erreurs serveur gracieusement (500)" name="Auth Routes - Integration Tests Sécurité devrait gérer les erreurs serveur gracieusement (500)" time="0">
      <failure>TypeError: app.use() requires a middleware function
    at Function.use (C:\Users\nerua\Documents\CDA\janadistribution\backend\node_modules\express\lib\application.js:217:11)
    at use (C:\Users\nerua\Documents\CDA\janadistribution\backend\tests\integration\auth.routes.test.js:30:7)
    at Object.createTestApp (C:\Users\nerua\Documents\CDA\janadistribution\backend\tests\integration\auth.routes.test.js:38:11)
    at Promise.then.completed (C:\Users\nerua\Documents\CDA\janadistribution\backend\node_modules\jest-circus\build\utils.js:298:28)
    at new Promise (&lt;anonymous&gt;)
    at callAsyncCircusFn (C:\Users\nerua\Documents\CDA\janadistribution\backend\node_modules\jest-circus\build\utils.js:231:10)
    at _callCircusHook (C:\Users\nerua\Documents\CDA\janadistribution\backend\node_modules\jest-circus\build\run.js:281:40)
    at _runTestsForDescribeBlock (C:\Users\nerua\Documents\CDA\janadistribution\backend\node_modules\jest-circus\build\run.js:95:7)
    at _runTestsForDescribeBlock (C:\Users\nerua\Documents\CDA\janadistribution\backend\node_modules\jest-circus\build\run.js:121:9)
    at run (C:\Users\nerua\Documents\CDA\janadistribution\backend\node_modules\jest-circus\build\run.js:71:3)
    at runAndTransformResultsToJestFormat (C:\Users\nerua\Documents\CDA\janadistribution\backend\node_modules\jest-circus\build\legacy-code-todo-rewrite\jestAdapterInit.js:122:21)
    at jestAdapter (C:\Users\nerua\Documents\CDA\janadistribution\backend\node_modules\jest-circus\build\legacy-code-todo-rewrite\jestAdapter.js:79:19)
    at runTestInternal (C:\Users\nerua\Documents\CDA\janadistribution\backend\node_modules\jest-runner\build\runTest.js:367:16)
    at runTest (C:\Users\nerua\Documents\CDA\janadistribution\backend\node_modules\jest-runner\build\runTest.js:444:34)</failure>
    </testcase>
    <testcase classname="Auth Routes - Integration Tests Sécurité devrait accepter le Content-Type application/json" name="Auth Routes - Integration Tests Sécurité devrait accepter le Content-Type application/json" time="0">
      <failure>TypeError: app.use() requires a middleware function
    at Function.use (C:\Users\nerua\Documents\CDA\janadistribution\backend\node_modules\express\lib\application.js:217:11)
    at use (C:\Users\nerua\Documents\CDA\janadistribution\backend\tests\integration\auth.routes.test.js:30:7)
    at Object.createTestApp (C:\Users\nerua\Documents\CDA\janadistribution\backend\tests\integration\auth.routes.test.js:38:11)
    at Promise.then.completed (C:\Users\nerua\Documents\CDA\janadistribution\backend\node_modules\jest-circus\build\utils.js:298:28)
    at new Promise (&lt;anonymous&gt;)
    at callAsyncCircusFn (C:\Users\nerua\Documents\CDA\janadistribution\backend\node_modules\jest-circus\build\utils.js:231:10)
    at _callCircusHook (C:\Users\nerua\Documents\CDA\janadistribution\backend\node_modules\jest-circus\build\run.js:281:40)
    at _runTestsForDescribeBlock (C:\Users\nerua\Documents\CDA\janadistribution\backend\node_modules\jest-circus\build\run.js:95:7)
    at _runTestsForDescribeBlock (C:\Users\nerua\Documents\CDA\janadistribution\backend\node_modules\jest-circus\build\run.js:121:9)
    at run (C:\Users\nerua\Documents\CDA\janadistribution\backend\node_modules\jest-circus\build\run.js:71:3)
    at runAndTransformResultsToJestFormat (C:\Users\nerua\Documents\CDA\janadistribution\backend\node_modules\jest-circus\build\legacy-code-todo-rewrite\jestAdapterInit.js:122:21)
    at jestAdapter (C:\Users\nerua\Documents\CDA\janadistribution\backend\node_modules\jest-circus\build\legacy-code-todo-rewrite\jestAdapter.js:79:19)
    at runTestInternal (C:\Users\nerua\Documents\CDA\janadistribution\backend\node_modules\jest-runner\build\runTest.js:367:16)
    at runTest (C:\Users\nerua\Documents\CDA\janadistribution\backend\node_modules\jest-runner\build\runTest.js:444:34)</failure>
    </testcase>
  </testsuite>
</testsuites>